  [1m[35m (1.2ms)[0m  [1m[34mSELECT "schema_migrations"."version" FROM "schema_migrations" ORDER BY "schema_migrations"."version" ASC[0m
  ↳ bin/rails:4
  [1m[35m (0.1ms)[0m  [1m[35mBEGIN[0m
  ↳ db/seeds.rb:8
  [1m[36mShelter Create (1.5ms)[0m  [1m[32mINSERT INTO "shelters" ("name", "address", "city", "state", "zip") VALUES ($1, $2, $3, $4, $5) RETURNING "id"[0m  [["name", "Willy's Animal Center"], ["address", "2020 Whirlwind Dr"], ["city", "Denver"], ["state", "CO"], ["zip", 80014]]
  ↳ db/seeds.rb:8
  [1m[35m (0.8ms)[0m  [1m[35mCOMMIT[0m
  ↳ db/seeds.rb:8
  [1m[35m (0.1ms)[0m  [1m[35mBEGIN[0m
  ↳ db/seeds.rb:14
  [1m[36mShelter Create (0.3ms)[0m  [1m[32mINSERT INTO "shelters" ("name", "address", "city", "state", "zip") VALUES ($1, $2, $3, $4, $5) RETURNING "id"[0m  [["name", "Wilmer's Place"], ["address", "123 Fake St"], ["city", "Chicago"], ["state", "IL"], ["zip", 60651]]
  ↳ db/seeds.rb:14
  [1m[35m (0.2ms)[0m  [1m[35mCOMMIT[0m
  ↳ db/seeds.rb:14
  [1m[35m (0.1ms)[0m  [1m[35mBEGIN[0m
  ↳ db/seeds.rb:20
  [1m[36mShelter Create (0.2ms)[0m  [1m[32mINSERT INTO "shelters" ("name", "address", "city", "state", "zip") VALUES ($1, $2, $3, $4, $5) RETURNING "id"[0m  [["name", "Luna's Animal Sanctuary"], ["address", "3456 Lost Place"], ["city", "Peoria"], ["state", "IL"], ["zip", 60564]]
  ↳ db/seeds.rb:20
  [1m[35m (0.2ms)[0m  [1m[35mCOMMIT[0m
  ↳ db/seeds.rb:20
  [1m[35m (0.2ms)[0m  [1m[35mBEGIN[0m
  ↳ db/seeds.rb:26
  [1m[36mPet Create (1.0ms)[0m  [1m[32mINSERT INTO "pets" ("image", "name", "approximate_age", "sex", "shelter_id", "adoption_status", "description") VALUES ($1, $2, $3, $4, $5, $6, $7) RETURNING "id"[0m  [["image", "https://i.pinimg.com/236x/23/4d/b2/234db2abd5a83b872c345335fb9a4933--baby-rottweiler-cutest-puppy.jpg"], ["name", "Waylon"], ["approximate_age", 1], ["sex", "male"], ["shelter_id", 10], ["adoption_status", "available"], ["description", "1 year old rottie pup"]]
  ↳ db/seeds.rb:26
  [1m[35m (0.3ms)[0m  [1m[35mCOMMIT[0m
  ↳ db/seeds.rb:26
  [1m[35m (0.1ms)[0m  [1m[35mBEGIN[0m
  ↳ db/seeds.rb:33
  [1m[36mPet Create (0.4ms)[0m  [1m[32mINSERT INTO "pets" ("image", "name", "approximate_age", "sex", "shelter_id", "adoption_status", "description") VALUES ($1, $2, $3, $4, $5, $6, $7) RETURNING "id"[0m  [["image", "https://usercontent1.hubstatic.com/2088428.jpg"], ["name", "Merle"], ["approximate_age", 5], ["sex", "male"], ["shelter_id", 10], ["adoption_status", "available"], ["description", "Mostly a wolf"]]
  ↳ db/seeds.rb:33
  [1m[35m (0.3ms)[0m  [1m[35mCOMMIT[0m
  ↳ db/seeds.rb:33
  [1m[35m (0.1ms)[0m  [1m[35mBEGIN[0m
  ↳ db/seeds.rb:40
  [1m[36mPet Create (2.0ms)[0m  [1m[32mINSERT INTO "pets" ("image", "name", "approximate_age", "sex", "shelter_id", "adoption_status", "description") VALUES ($1, $2, $3, $4, $5, $6, $7) RETURNING "id"[0m  [["image", "https://wallpapersgood.com/resize/960x800/wallpapers/main2/201645/moana-moana-heihei-hej-hej.jpg\u2029"], ["name", "HeiHei"], ["approximate_age", 1], ["sex", "male"], ["shelter_id", 11], ["adoption_status", "available"], ["description", "1 year old pet rooster"]]
  ↳ db/seeds.rb:40
  [1m[35m (0.4ms)[0m  [1m[35mCOMMIT[0m
  ↳ db/seeds.rb:40
  [1m[35m (0.1ms)[0m  [1m[35mBEGIN[0m
  ↳ db/seeds.rb:47
  [1m[36mPet Create (1.1ms)[0m  [1m[32mINSERT INTO "pets" ("image", "name", "approximate_age", "sex", "shelter_id", "adoption_status", "description") VALUES ($1, $2, $3, $4, $5, $6, $7) RETURNING "id"[0m  [["image", "https://www.awesomestories.com/images/user/fc91b9a310fa92b98f27ab1038548062.jpg"], ["name", "Wilbur"], ["approximate_age", 1], ["sex", "male"], ["shelter_id", 11], ["adoption_status", "available"], ["description", "Tiny baby pig"]]
  ↳ db/seeds.rb:47
  [1m[35m (0.3ms)[0m  [1m[35mCOMMIT[0m
  ↳ db/seeds.rb:47
  [1m[35m (0.2ms)[0m  [1m[35mBEGIN[0m
  ↳ db/seeds.rb:54
  [1m[36mPet Create (0.6ms)[0m  [1m[32mINSERT INTO "pets" ("image", "name", "approximate_age", "sex", "shelter_id", "adoption_status", "description") VALUES ($1, $2, $3, $4, $5, $6, $7) RETURNING "id"[0m  [["image", "https://i.pinimg.com/originals/52/4d/57/524d571a2e0d5bcb54f0b819ae9aeb63.jpg"], ["name", "Sandy"], ["approximate_age", 4], ["sex", "female"], ["shelter_id", 12], ["adoption_status", "available"], ["description", "Spits and bites"]]
  ↳ db/seeds.rb:54
  [1m[35m (0.3ms)[0m  [1m[35mCOMMIT[0m
  ↳ db/seeds.rb:54
  [1m[35m (0.1ms)[0m  [1m[35mBEGIN[0m
  ↳ db/seeds.rb:61
  [1m[36mPet Create (0.4ms)[0m  [1m[32mINSERT INTO "pets" ("image", "name", "approximate_age", "sex", "shelter_id", "adoption_status", "description") VALUES ($1, $2, $3, $4, $5, $6, $7) RETURNING "id"[0m  [["image", "https://cinefex.com/backissues/covers/Cinefex_108.jpg"], ["name", "Charlotte"], ["approximate_age", 6], ["sex", "female"], ["shelter_id", 12], ["adoption_status", "available"], ["description", "All the eyes and legs"]]
  ↳ db/seeds.rb:61
  [1m[35m (0.3ms)[0m  [1m[35mCOMMIT[0m
  ↳ db/seeds.rb:61
  [1m[35m (0.7ms)[0m  [1m[34mSELECT "schema_migrations"."version" FROM "schema_migrations" ORDER BY "schema_migrations"."version" ASC[0m
  ↳ bin/rails:4
  [1m[35m (5.9ms)[0m  [1m[34mSELECT "ar_internal_metadata"."value" FROM "ar_internal_metadata" WHERE "ar_internal_metadata"."key" = $1[0m  [["key", "environment"]]
  ↳ bin/rails:4
  [1m[35m (0.2ms)[0m  [1m[34mSELECT "schema_migrations"."version" FROM "schema_migrations" ORDER BY "schema_migrations"."version" ASC[0m
  ↳ bin/rails:4
  [1m[35m (0.2ms)[0m  [1m[34mSELECT "ar_internal_metadata"."value" FROM "ar_internal_metadata" WHERE "ar_internal_metadata"."key" = $1[0m  [["key", "environment"]]
  ↳ bin/rails:4
  [1m[35m (0.4ms)[0m  [1m[34mSELECT "schema_migrations"."version" FROM "schema_migrations" ORDER BY "schema_migrations"."version" ASC[0m
  ↳ bin/rails:4
  [1m[35m (0.3ms)[0m  [1m[34mSELECT "ar_internal_metadata"."value" FROM "ar_internal_metadata" WHERE "ar_internal_metadata"."key" = $1[0m  [["key", "environment"]]
  ↳ bin/rails:4
  [1m[35m (57.2ms)[0m  [1m[35mDROP DATABASE IF EXISTS "adopt_dont_shop_development"[0m
  ↳ bin/rails:4
  [1m[35m (44.9ms)[0m  [1m[35mDROP DATABASE IF EXISTS "adopt_dont_shop_test"[0m
  ↳ bin/rails:4
  [1m[35m (183.1ms)[0m  [1m[35mCREATE DATABASE "adopt_dont_shop_development" ENCODING = 'unicode'[0m
  ↳ bin/rails:4
  [1m[35m (85.1ms)[0m  [1m[35mCREATE DATABASE "adopt_dont_shop_test" ENCODING = 'unicode'[0m
  ↳ bin/rails:4
  [1m[35m (24.1ms)[0m  [1m[35mCREATE TABLE "schema_migrations" ("version" character varying NOT NULL PRIMARY KEY)[0m
  ↳ bin/rails:4
  [1m[35m (8.5ms)[0m  [1m[35mCREATE TABLE "ar_internal_metadata" ("key" character varying NOT NULL PRIMARY KEY, "value" character varying, "created_at" timestamp NOT NULL, "updated_at" timestamp NOT NULL)[0m
  ↳ bin/rails:4
  [1m[35m (0.5ms)[0m  [1m[34mSELECT pg_try_advisory_lock(5022504912090105405)[0m
  ↳ bin/rails:4
  [1m[35m (0.7ms)[0m  [1m[34mSELECT "schema_migrations"."version" FROM "schema_migrations" ORDER BY "schema_migrations"."version" ASC[0m
  ↳ bin/rails:4
Migrating to CreateShelters (20200819210703)
  [1m[35m (0.1ms)[0m  [1m[35mBEGIN[0m
  ↳ bin/rails:4
  [1m[35m (8.4ms)[0m  [1m[35mCREATE TABLE "shelters" ("id" bigserial primary key, "name" character varying, "address" character varying, "city" character varying, "state" character varying, "zip" integer)[0m
  ↳ db/migrate/20200819210703_create_shelters.rb:3
  [1m[36mActiveRecord::SchemaMigration Create (0.7ms)[0m  [1m[32mINSERT INTO "schema_migrations" ("version") VALUES ($1) RETURNING "version"[0m  [["version", "20200819210703"]]
  ↳ bin/rails:4
  [1m[35m (1.1ms)[0m  [1m[35mCOMMIT[0m
  ↳ bin/rails:4
Migrating to CreatePets (20200820130855)
  [1m[35m (0.2ms)[0m  [1m[35mBEGIN[0m
  ↳ bin/rails:4
  [1m[35m (10.2ms)[0m  [1m[35mCREATE TABLE "pets" ("id" bigserial primary key, "image" bytea, "name" character varying, "approximate_age" integer, "sex" character varying, "name_of_shelter_where_the_pet_is_currently_located" character varying)[0m
  ↳ db/migrate/20200820130855_create_pets.rb:3
  [1m[36mActiveRecord::SchemaMigration Create (0.4ms)[0m  [1m[32mINSERT INTO "schema_migrations" ("version") VALUES ($1) RETURNING "version"[0m  [["version", "20200820130855"]]
  ↳ bin/rails:4
  [1m[35m (4.6ms)[0m  [1m[35mCOMMIT[0m
  ↳ bin/rails:4
Migrating to AddSheltersToPets (20200820132353)
  [1m[35m (0.4ms)[0m  [1m[35mBEGIN[0m
  ↳ bin/rails:4
  [1m[35m (6.6ms)[0m  [1m[35mALTER TABLE "pets" ADD "shelter_id" bigint[0m
  ↳ db/migrate/20200820132353_add_shelters_to_pets.rb:3
  [1m[35m (3.3ms)[0m  [1m[35mCREATE  INDEX  "index_pets_on_shelter_id" ON "pets"  ("shelter_id")[0m
  ↳ db/migrate/20200820132353_add_shelters_to_pets.rb:3
  [1m[35m (10.2ms)[0m  [1m[35mALTER TABLE "pets" ADD CONSTRAINT "fk_rails_92fb5d7a05"
FOREIGN KEY ("shelter_id")
  REFERENCES "shelters" ("id")
[0m
  ↳ db/migrate/20200820132353_add_shelters_to_pets.rb:3
  [1m[36mActiveRecord::SchemaMigration Create (0.5ms)[0m  [1m[32mINSERT INTO "schema_migrations" ("version") VALUES ($1) RETURNING "version"[0m  [["version", "20200820132353"]]
  ↳ bin/rails:4
  [1m[35m (0.5ms)[0m  [1m[35mCOMMIT[0m
  ↳ bin/rails:4
Migrating to ChangeDataTypeForImage (20200820201527)
  [1m[35m (0.4ms)[0m  [1m[35mBEGIN[0m
  ↳ bin/rails:4
  [1m[35m (12.6ms)[0m  [1m[35mALTER TABLE "pets" ALTER COLUMN "image" TYPE character varying[0m
  ↳ db/migrate/20200820201527_change_data_type_for_image.rb:3
  [1m[36mActiveRecord::SchemaMigration Create (0.7ms)[0m  [1m[32mINSERT INTO "schema_migrations" ("version") VALUES ($1) RETURNING "version"[0m  [["version", "20200820201527"]]
  ↳ bin/rails:4
  [1m[35m (2.2ms)[0m  [1m[35mCOMMIT[0m
  ↳ bin/rails:4
Migrating to CreateActiveStorageTables (20200821232339)
  [1m[35m (0.2ms)[0m  [1m[35mBEGIN[0m
  ↳ bin/rails:4
  [1m[35m (6.6ms)[0m  [1m[35mCREATE TABLE "active_storage_blobs" ("id" bigserial primary key, "key" character varying NOT NULL, "filename" character varying NOT NULL, "content_type" character varying, "metadata" text, "byte_size" bigint NOT NULL, "checksum" character varying NOT NULL, "created_at" timestamp NOT NULL)[0m
  ↳ db/migrate/20200821232339_create_active_storage_tables.active_storage.rb:4
  [1m[35m (0.9ms)[0m  [1m[35mCREATE UNIQUE INDEX  "index_active_storage_blobs_on_key" ON "active_storage_blobs"  ("key")[0m
  ↳ db/migrate/20200821232339_create_active_storage_tables.active_storage.rb:4
  [1m[35m (5.5ms)[0m  [1m[35mCREATE TABLE "active_storage_attachments" ("id" bigserial primary key, "name" character varying NOT NULL, "record_type" character varying NOT NULL, "record_id" bigint NOT NULL, "blob_id" bigint NOT NULL, "created_at" timestamp NOT NULL, CONSTRAINT "fk_rails_c3b3935057"
FOREIGN KEY ("blob_id")
  REFERENCES "active_storage_blobs" ("id")
)[0m
  ↳ db/migrate/20200821232339_create_active_storage_tables.active_storage.rb:16
  [1m[35m (0.9ms)[0m  [1m[35mCREATE  INDEX  "index_active_storage_attachments_on_blob_id" ON "active_storage_attachments"  ("blob_id")[0m
  ↳ db/migrate/20200821232339_create_active_storage_tables.active_storage.rb:16
  [1m[35m (4.5ms)[0m  [1m[35mCREATE UNIQUE INDEX  "index_active_storage_attachments_uniqueness" ON "active_storage_attachments"  ("record_type", "record_id", "name", "blob_id")[0m
  ↳ db/migrate/20200821232339_create_active_storage_tables.active_storage.rb:16
  [1m[36mActiveRecord::SchemaMigration Create (0.2ms)[0m  [1m[32mINSERT INTO "schema_migrations" ("version") VALUES ($1) RETURNING "version"[0m  [["version", "20200821232339"]]
  ↳ bin/rails:4
  [1m[35m (0.3ms)[0m  [1m[35mCOMMIT[0m
  ↳ bin/rails:4
Migrating to RemoveNameOfShelterWhereThePetIsCurrentlyLocatedFromPets (20200822223957)
  [1m[35m (0.5ms)[0m  [1m[35mBEGIN[0m
  ↳ bin/rails:4
  [1m[35m (0.6ms)[0m  [1m[35mALTER TABLE "pets" DROP COLUMN "name_of_shelter_where_the_pet_is_currently_located"[0m
  ↳ db/migrate/20200822223957_remove_name_of_shelter_where_the_pet_is_currently_located_from_pets.rb:3
  [1m[36mActiveRecord::SchemaMigration Create (0.3ms)[0m  [1m[32mINSERT INTO "schema_migrations" ("version") VALUES ($1) RETURNING "version"[0m  [["version", "20200822223957"]]
  ↳ bin/rails:4
  [1m[35m (6.6ms)[0m  [1m[35mCOMMIT[0m
  ↳ bin/rails:4
Migrating to AddAdoptionStatusToPets (20200822224306)
  [1m[35m (0.2ms)[0m  [1m[35mBEGIN[0m
  ↳ bin/rails:4
  [1m[35m (0.5ms)[0m  [1m[35mALTER TABLE "pets" ADD "adoption_status" character varying[0m
  ↳ db/migrate/20200822224306_add_adoption_status_to_pets.rb:3
  [1m[36mActiveRecord::SchemaMigration Create (0.5ms)[0m  [1m[32mINSERT INTO "schema_migrations" ("version") VALUES ($1) RETURNING "version"[0m  [["version", "20200822224306"]]
  ↳ bin/rails:4
  [1m[35m (1.1ms)[0m  [1m[35mCOMMIT[0m
  ↳ bin/rails:4
Migrating to AddDescriptionToPets (20200822224939)
  [1m[35m (0.1ms)[0m  [1m[35mBEGIN[0m
  ↳ bin/rails:4
  [1m[35m (0.5ms)[0m  [1m[35mALTER TABLE "pets" ADD "description" character varying[0m
  ↳ db/migrate/20200822224939_add_description_to_pets.rb:3
  [1m[36mActiveRecord::SchemaMigration Create (0.4ms)[0m  [1m[32mINSERT INTO "schema_migrations" ("version") VALUES ($1) RETURNING "version"[0m  [["version", "20200822224939"]]
  ↳ bin/rails:4
  [1m[35m (1.6ms)[0m  [1m[35mCOMMIT[0m
  ↳ bin/rails:4
  [1m[36mActiveRecord::InternalMetadata Load (0.6ms)[0m  [1m[34mSELECT  "ar_internal_metadata".* FROM "ar_internal_metadata" WHERE "ar_internal_metadata"."key" = $1 LIMIT $2[0m  [["key", "environment"], ["LIMIT", 1]]
  ↳ bin/rails:4
  [1m[35m (0.1ms)[0m  [1m[35mBEGIN[0m
  ↳ bin/rails:4
  [1m[36mActiveRecord::InternalMetadata Create (2.3ms)[0m  [1m[32mINSERT INTO "ar_internal_metadata" ("key", "value", "created_at", "updated_at") VALUES ($1, $2, $3, $4) RETURNING "key"[0m  [["key", "environment"], ["value", "development"], ["created_at", "2020-08-24 23:22:21.163213"], ["updated_at", "2020-08-24 23:22:21.163213"]]
  ↳ bin/rails:4
  [1m[35m (0.5ms)[0m  [1m[35mCOMMIT[0m
  ↳ bin/rails:4
  [1m[35m (0.4ms)[0m  [1m[34mSELECT pg_advisory_unlock(5022504912090105405)[0m
  ↳ bin/rails:4
  [1m[35m (0.4ms)[0m  [1m[34mSELECT "schema_migrations"."version" FROM "schema_migrations" ORDER BY "schema_migrations"."version" ASC[0m
  ↳ bin/rails:4
  [1m[35m (0.3ms)[0m  [1m[34mSELECT "schema_migrations"."version" FROM "schema_migrations" ORDER BY "schema_migrations"."version" ASC[0m
  ↳ bin/rails:4
  [1m[35m (0.1ms)[0m  [1m[35mBEGIN[0m
  ↳ db/seeds.rb:8
  [1m[36mShelter Create (0.5ms)[0m  [1m[32mINSERT INTO "shelters" ("name", "address", "city", "state", "zip") VALUES ($1, $2, $3, $4, $5) RETURNING "id"[0m  [["name", "Willy's Animal Center"], ["address", "2020 Whirlwind Dr"], ["city", "Denver"], ["state", "CO"], ["zip", 80014]]
  ↳ db/seeds.rb:8
  [1m[35m (0.2ms)[0m  [1m[35mCOMMIT[0m
  ↳ db/seeds.rb:8
  [1m[35m (0.1ms)[0m  [1m[35mBEGIN[0m
  ↳ db/seeds.rb:14
  [1m[36mShelter Create (0.2ms)[0m  [1m[32mINSERT INTO "shelters" ("name", "address", "city", "state", "zip") VALUES ($1, $2, $3, $4, $5) RETURNING "id"[0m  [["name", "Wilmer's Place"], ["address", "123 Fake St"], ["city", "Chicago"], ["state", "IL"], ["zip", 60651]]
  ↳ db/seeds.rb:14
  [1m[35m (0.2ms)[0m  [1m[35mCOMMIT[0m
  ↳ db/seeds.rb:14
  [1m[35m (0.1ms)[0m  [1m[35mBEGIN[0m
  ↳ db/seeds.rb:20
  [1m[36mShelter Create (0.2ms)[0m  [1m[32mINSERT INTO "shelters" ("name", "address", "city", "state", "zip") VALUES ($1, $2, $3, $4, $5) RETURNING "id"[0m  [["name", "Luna's Animal Sanctuary"], ["address", "3456 Lost Place"], ["city", "Peoria"], ["state", "IL"], ["zip", 60564]]
  ↳ db/seeds.rb:20
  [1m[35m (0.2ms)[0m  [1m[35mCOMMIT[0m
  ↳ db/seeds.rb:20
  [1m[35m (0.2ms)[0m  [1m[35mBEGIN[0m
  ↳ db/seeds.rb:26
  [1m[36mPet Create (1.4ms)[0m  [1m[32mINSERT INTO "pets" ("image", "name", "approximate_age", "sex", "shelter_id", "adoption_status", "description") VALUES ($1, $2, $3, $4, $5, $6, $7) RETURNING "id"[0m  [["image", "https://i.pinimg.com/236x/23/4d/b2/234db2abd5a83b872c345335fb9a4933--baby-rottweiler-cutest-puppy.jpg"], ["name", "Waylon"], ["approximate_age", 1], ["sex", "male"], ["shelter_id", 1], ["adoption_status", "available"], ["description", "1 year old rottie pup"]]
  ↳ db/seeds.rb:26
  [1m[35m (0.3ms)[0m  [1m[35mCOMMIT[0m
  ↳ db/seeds.rb:26
  [1m[35m (0.2ms)[0m  [1m[35mBEGIN[0m
  ↳ db/seeds.rb:33
  [1m[36mPet Create (0.4ms)[0m  [1m[32mINSERT INTO "pets" ("image", "name", "approximate_age", "sex", "shelter_id", "adoption_status", "description") VALUES ($1, $2, $3, $4, $5, $6, $7) RETURNING "id"[0m  [["image", "https://usercontent1.hubstatic.com/2088428.jpg"], ["name", "Merle"], ["approximate_age", 5], ["sex", "male"], ["shelter_id", 1], ["adoption_status", "available"], ["description", "Mostly a wolf"]]
  ↳ db/seeds.rb:33
  [1m[35m (0.4ms)[0m  [1m[35mCOMMIT[0m
  ↳ db/seeds.rb:33
  [1m[35m (0.1ms)[0m  [1m[35mBEGIN[0m
  ↳ db/seeds.rb:40
  [1m[36mPet Create (0.4ms)[0m  [1m[32mINSERT INTO "pets" ("image", "name", "approximate_age", "sex", "shelter_id", "adoption_status", "description") VALUES ($1, $2, $3, $4, $5, $6, $7) RETURNING "id"[0m  [["image", "https://wallpapersgood.com/resize/960x800/wallpapers/main2/201645/moana-moana-heihei-hej-hej.jpg\u2029"], ["name", "HeiHei"], ["approximate_age", 1], ["sex", "male"], ["shelter_id", 2], ["adoption_status", "available"], ["description", "1 year old pet rooster"]]
  ↳ db/seeds.rb:40
  [1m[35m (0.3ms)[0m  [1m[35mCOMMIT[0m
  ↳ db/seeds.rb:40
  [1m[35m (0.1ms)[0m  [1m[35mBEGIN[0m
  ↳ db/seeds.rb:47
  [1m[36mPet Create (0.4ms)[0m  [1m[32mINSERT INTO "pets" ("image", "name", "approximate_age", "sex", "shelter_id", "adoption_status", "description") VALUES ($1, $2, $3, $4, $5, $6, $7) RETURNING "id"[0m  [["image", "https://www.awesomestories.com/images/user/fc91b9a310fa92b98f27ab1038548062.jpg"], ["name", "Wilbur"], ["approximate_age", 1], ["sex", "male"], ["shelter_id", 2], ["adoption_status", "available"], ["description", "Tiny baby pig"]]
  ↳ db/seeds.rb:47
  [1m[35m (0.3ms)[0m  [1m[35mCOMMIT[0m
  ↳ db/seeds.rb:47
  [1m[35m (0.1ms)[0m  [1m[35mBEGIN[0m
  ↳ db/seeds.rb:54
  [1m[36mPet Create (0.4ms)[0m  [1m[32mINSERT INTO "pets" ("image", "name", "approximate_age", "sex", "shelter_id", "adoption_status", "description") VALUES ($1, $2, $3, $4, $5, $6, $7) RETURNING "id"[0m  [["image", "https://i.pinimg.com/originals/52/4d/57/524d571a2e0d5bcb54f0b819ae9aeb63.jpg"], ["name", "Sandy"], ["approximate_age", 4], ["sex", "female"], ["shelter_id", 3], ["adoption_status", "available"], ["description", "Spits and bites"]]
  ↳ db/seeds.rb:54
  [1m[35m (0.3ms)[0m  [1m[35mCOMMIT[0m
  ↳ db/seeds.rb:54
  [1m[35m (0.2ms)[0m  [1m[35mBEGIN[0m
  ↳ db/seeds.rb:61
  [1m[36mPet Create (0.4ms)[0m  [1m[32mINSERT INTO "pets" ("image", "name", "approximate_age", "sex", "shelter_id", "adoption_status", "description") VALUES ($1, $2, $3, $4, $5, $6, $7) RETURNING "id"[0m  [["image", "https://cinefex.com/backissues/covers/Cinefex_108.jpg"], ["name", "Charlotte"], ["approximate_age", 6], ["sex", "female"], ["shelter_id", 3], ["adoption_status", "available"], ["description", "All the eyes and legs"]]
  ↳ db/seeds.rb:61
  [1m[35m (0.5ms)[0m  [1m[35mCOMMIT[0m
  ↳ db/seeds.rb:61
  [1m[36mPet Load (1.7ms)[0m  [1m[34mSELECT  "pets".* FROM "pets" LIMIT $1[0m  [["LIMIT", 11]]
  [1m[35m (0.2ms)[0m  [1m[34mSELECT pg_try_advisory_lock(5022504912090105405)[0m
  ↳ bin/rails:4
  [1m[35m (0.7ms)[0m  [1m[34mSELECT "schema_migrations"."version" FROM "schema_migrations" ORDER BY "schema_migrations"."version" ASC[0m
  ↳ bin/rails:4
  [1m[36mActiveRecord::InternalMetadata Load (0.3ms)[0m  [1m[34mSELECT  "ar_internal_metadata".* FROM "ar_internal_metadata" WHERE "ar_internal_metadata"."key" = $1 LIMIT $2[0m  [["key", "environment"], ["LIMIT", 1]]
  ↳ bin/rails:4
  [1m[35m (0.1ms)[0m  [1m[35mBEGIN[0m
  ↳ bin/rails:4
  [1m[35m (0.1ms)[0m  [1m[35mCOMMIT[0m
  ↳ bin/rails:4
  [1m[35m (0.2ms)[0m  [1m[34mSELECT pg_advisory_unlock(5022504912090105405)[0m
  ↳ bin/rails:4
  [1m[35m (0.2ms)[0m  [1m[34mSELECT "schema_migrations"."version" FROM "schema_migrations" ORDER BY "schema_migrations"."version" ASC[0m
  ↳ bin/rails:4
Started GET "/" for ::1 at 2020-08-24 19:26:05 -0400
  [1m[35m (0.9ms)[0m  [1m[34mSELECT "schema_migrations"."version" FROM "schema_migrations" ORDER BY "schema_migrations"."version" ASC[0m
  ↳ /Users/cla/.rbenv/versions/2.5.3/lib/ruby/gems/2.5.0/gems/activerecord-5.2.4.3/lib/active_record/log_subscriber.rb:98
Processing by WelcomeController#index as HTML
  Rendering welcome/index.html.erb within layouts/application
  Rendered welcome/index.html.erb within layouts/application (1.3ms)
Completed 200 OK in 282ms (Views: 279.2ms | ActiveRecord: 0.0ms)


Started GET "/shelters" for ::1 at 2020-08-24 19:26:08 -0400
Processing by SheltersController#index as HTML
  Rendering shelters/index.html.erb within layouts/application
  [1m[36mShelter Load (2.3ms)[0m  [1m[34mSELECT "shelters".* FROM "shelters"[0m
  ↳ app/views/shelters/index.html.erb:5
  Rendered shelters/index.html.erb within layouts/application (48.7ms)
Completed 200 OK in 80ms (Views: 53.9ms | ActiveRecord: 15.7ms)


Started GET "/shelters/1" for ::1 at 2020-08-24 19:26:09 -0400
Processing by SheltersController#show as HTML
  Parameters: {"id"=>"1"}
  [1m[36mShelter Load (0.6ms)[0m  [1m[34mSELECT  "shelters".* FROM "shelters" WHERE "shelters"."id" = $1 LIMIT $2[0m  [["id", 1], ["LIMIT", 1]]
  ↳ app/controllers/shelters_controller.rb:10
  Rendering shelters/show.html.erb within layouts/application
  Rendered shelters/show.html.erb within layouts/application (0.7ms)
Completed 200 OK in 25ms (Views: 18.6ms | ActiveRecord: 0.8ms)


Started GET "/shelters/1/pets" for ::1 at 2020-08-24 19:26:10 -0400
Processing by SheltersController#pets as HTML
  Parameters: {"shelter_id"=>"1"}
  [1m[36mShelter Load (0.3ms)[0m  [1m[34mSELECT  "shelters".* FROM "shelters" WHERE "shelters"."id" = $1 LIMIT $2[0m  [["id", 1], ["LIMIT", 1]]
  ↳ app/controllers/shelters_controller.rb:29
  Rendering shelters/pets.html.erb within layouts/application
  [1m[36mPet Load (0.6ms)[0m  [1m[34mSELECT "pets".* FROM "pets" WHERE "pets"."shelter_id" = $1[0m  [["shelter_id", 1]]
  ↳ app/views/shelters/pets.html.erb:6
  Rendered shelters/pets.html.erb within layouts/application (22.7ms)
Completed 200 OK in 62ms (Views: 36.5ms | ActiveRecord: 5.7ms)


Started GET "/pets" for ::1 at 2020-08-24 19:26:16 -0400
Processing by PetsController#index as HTML
  Rendering pets/index.html.erb within layouts/application
  [1m[36mPet Load (0.4ms)[0m  [1m[34mSELECT "pets".* FROM "pets"[0m
  ↳ app/views/pets/index.html.erb:4
  [1m[36mShelter Load (0.3ms)[0m  [1m[34mSELECT  "shelters".* FROM "shelters" WHERE "shelters"."id" = $1 LIMIT $2[0m  [["id", 1], ["LIMIT", 1]]
  ↳ app/views/pets/index.html.erb:9
  [1m[36mCACHE Shelter Load (0.0ms)[0m  [1m[34mSELECT  "shelters".* FROM "shelters" WHERE "shelters"."id" = $1 LIMIT $2[0m  [["id", 1], ["LIMIT", 1]]
  ↳ app/views/pets/index.html.erb:9
  [1m[36mShelter Load (0.4ms)[0m  [1m[34mSELECT  "shelters".* FROM "shelters" WHERE "shelters"."id" = $1 LIMIT $2[0m  [["id", 2], ["LIMIT", 1]]
  ↳ app/views/pets/index.html.erb:9
  [1m[36mCACHE Shelter Load (0.0ms)[0m  [1m[34mSELECT  "shelters".* FROM "shelters" WHERE "shelters"."id" = $1 LIMIT $2[0m  [["id", 2], ["LIMIT", 1]]
  ↳ app/views/pets/index.html.erb:9
  [1m[36mShelter Load (0.3ms)[0m  [1m[34mSELECT  "shelters".* FROM "shelters" WHERE "shelters"."id" = $1 LIMIT $2[0m  [["id", 3], ["LIMIT", 1]]
  ↳ app/views/pets/index.html.erb:9
  [1m[36mCACHE Shelter Load (0.0ms)[0m  [1m[34mSELECT  "shelters".* FROM "shelters" WHERE "shelters"."id" = $1 LIMIT $2[0m  [["id", 3], ["LIMIT", 1]]
  ↳ app/views/pets/index.html.erb:9
  Rendered pets/index.html.erb within layouts/application (15.6ms)
Completed 200 OK in 44ms (Views: 39.3ms | ActiveRecord: 1.4ms)


Started GET "/pets/3/edit" for ::1 at 2020-08-24 19:26:27 -0400
Processing by PetsController#edit as HTML
  Parameters: {"pet_id"=>"3"}
  [1m[36mPet Load (0.2ms)[0m  [1m[34mSELECT  "pets".* FROM "pets" WHERE "pets"."id" = $1 LIMIT $2[0m  [["id", 3], ["LIMIT", 1]]
  ↳ app/controllers/pets_controller.rb:21
  Rendering pets/edit.html.erb within layouts/application
  Rendered pets/edit.html.erb within layouts/application (3.6ms)
Completed 200 OK in 34ms (Views: 29.4ms | ActiveRecord: 0.2ms)


Started PATCH "/pets/3" for ::1 at 2020-08-24 19:26:58 -0400
Processing by PetsController#update as HTML
  Parameters: {"utf8"=>"✓", "authenticity_token"=>"9SQyw90fwTyef1K/YoEDtpZO9ORgRX3TeZXIfg1KjZT7ps6CUGsWKJFENE7A51gM0l3kgtRjrlqp2Hld3LagBg==", "name"=>"HeiHei", "image"=>"https://wallpapersgood.com/resize/960x800/wallpapers/main2/201645/moana-moana-heihei-hej-hej.jpg", "description"=>"1 year old pet rooster", "approximate_age"=>"1", "sex"=>"male", "commit"=>"Update Pet", "pet_id"=>"3"}
  [1m[36mPet Load (0.3ms)[0m  [1m[34mSELECT  "pets".* FROM "pets" WHERE "pets"."id" = $1 LIMIT $2[0m  [["id", 3], ["LIMIT", 1]]
  ↳ app/controllers/pets_controller.rb:25
Unpermitted parameters: :utf8, :_method, :authenticity_token, :commit, :pet_id
  [1m[35m (0.2ms)[0m  [1m[35mBEGIN[0m
  ↳ app/controllers/pets_controller.rb:26
  [1m[36mShelter Load (0.4ms)[0m  [1m[34mSELECT  "shelters".* FROM "shelters" WHERE "shelters"."id" = $1 LIMIT $2[0m  [["id", 2], ["LIMIT", 1]]
  ↳ app/controllers/pets_controller.rb:26
  [1m[36mPet Update (0.6ms)[0m  [1m[33mUPDATE "pets" SET "image" = $1 WHERE "pets"."id" = $2[0m  [["image", "https://wallpapersgood.com/resize/960x800/wallpapers/main2/201645/moana-moana-heihei-hej-hej.jpg"], ["id", 3]]
  ↳ app/controllers/pets_controller.rb:26
  [1m[35m (1.6ms)[0m  [1m[35mCOMMIT[0m
  ↳ app/controllers/pets_controller.rb:26
Redirected to http://localhost:3000/pets/3
Completed 302 Found in 10ms (ActiveRecord: 3.2ms)


Started GET "/pets/3" for ::1 at 2020-08-24 19:26:58 -0400
Processing by PetsController#show as HTML
  Parameters: {"pet_id"=>"3"}
  [1m[36mPet Load (0.3ms)[0m  [1m[34mSELECT  "pets".* FROM "pets" WHERE "pets"."id" = $1 LIMIT $2[0m  [["id", 3], ["LIMIT", 1]]
  ↳ app/controllers/pets_controller.rb:8
  Rendering pets/show.html.erb within layouts/application
  Rendered pets/show.html.erb within layouts/application (1.1ms)
Completed 200 OK in 40ms (Views: 35.0ms | ActiveRecord: 0.3ms)


Started GET "/pets" for ::1 at 2020-08-24 19:27:02 -0400
Processing by PetsController#index as HTML
  Rendering pets/index.html.erb within layouts/application
  [1m[36mPet Load (0.5ms)[0m  [1m[34mSELECT "pets".* FROM "pets"[0m
  ↳ app/views/pets/index.html.erb:4
  [1m[36mShelter Load (0.2ms)[0m  [1m[34mSELECT  "shelters".* FROM "shelters" WHERE "shelters"."id" = $1 LIMIT $2[0m  [["id", 1], ["LIMIT", 1]]
  ↳ app/views/pets/index.html.erb:9
  [1m[36mCACHE Shelter Load (0.0ms)[0m  [1m[34mSELECT  "shelters".* FROM "shelters" WHERE "shelters"."id" = $1 LIMIT $2[0m  [["id", 1], ["LIMIT", 1]]
  ↳ app/views/pets/index.html.erb:9
  [1m[36mShelter Load (0.3ms)[0m  [1m[34mSELECT  "shelters".* FROM "shelters" WHERE "shelters"."id" = $1 LIMIT $2[0m  [["id", 2], ["LIMIT", 1]]
  ↳ app/views/pets/index.html.erb:9
  [1m[36mShelter Load (0.3ms)[0m  [1m[34mSELECT  "shelters".* FROM "shelters" WHERE "shelters"."id" = $1 LIMIT $2[0m  [["id", 3], ["LIMIT", 1]]
  ↳ app/views/pets/index.html.erb:9
  [1m[36mCACHE Shelter Load (0.0ms)[0m  [1m[34mSELECT  "shelters".* FROM "shelters" WHERE "shelters"."id" = $1 LIMIT $2[0m  [["id", 3], ["LIMIT", 1]]
  ↳ app/views/pets/index.html.erb:9
  [1m[36mCACHE Shelter Load (0.0ms)[0m  [1m[34mSELECT  "shelters".* FROM "shelters" WHERE "shelters"."id" = $1 LIMIT $2[0m  [["id", 2], ["LIMIT", 1]]
  ↳ app/views/pets/index.html.erb:9
  Rendered pets/index.html.erb within layouts/application (7.9ms)
Completed 200 OK in 25ms (Views: 20.3ms | ActiveRecord: 1.3ms)


  [1m[35m (1.3ms)[0m  [1m[35mDROP DATABASE IF EXISTS "adopt_dont_shop_development"[0m
  ↳ bin/rails:4
  [1m[35m (0.3ms)[0m  [1m[35mDROP DATABASE IF EXISTS "adopt_dont_shop_test"[0m
  ↳ bin/rails:4
  [1m[35m (677.9ms)[0m  [1m[35mCREATE DATABASE "adopt_dont_shop_development" ENCODING = 'unicode'[0m
  ↳ bin/rails:4
  [1m[35m (313.1ms)[0m  [1m[35mCREATE DATABASE "adopt_dont_shop_test" ENCODING = 'unicode'[0m
  ↳ bin/rails:4
  [1m[35m (173.7ms)[0m  [1m[35mCREATE TABLE "schema_migrations" ("version" character varying NOT NULL PRIMARY KEY)[0m
  ↳ bin/rails:4
  [1m[35m (31.7ms)[0m  [1m[35mCREATE TABLE "ar_internal_metadata" ("key" character varying NOT NULL PRIMARY KEY, "value" character varying, "created_at" timestamp NOT NULL, "updated_at" timestamp NOT NULL)[0m
  ↳ bin/rails:4
  [1m[35m (0.5ms)[0m  [1m[34mSELECT pg_try_advisory_lock(5022504912090105405)[0m
  ↳ bin/rails:4
  [1m[35m (1.3ms)[0m  [1m[34mSELECT "schema_migrations"."version" FROM "schema_migrations" ORDER BY "schema_migrations"."version" ASC[0m
  ↳ bin/rails:4
Migrating to CreateShelters (20200819210703)
  [1m[35m (0.2ms)[0m  [1m[35mBEGIN[0m
  ↳ bin/rails:4
  [1m[35m (103.5ms)[0m  [1m[35mCREATE TABLE "shelters" ("id" bigserial primary key, "name" character varying, "address" character varying, "city" character varying, "state" character varying, "zip" integer)[0m
  ↳ db/migrate/20200819210703_create_shelters.rb:3
  [1m[36mActiveRecord::SchemaMigration Create (52.5ms)[0m  [1m[32mINSERT INTO "schema_migrations" ("version") VALUES ($1) RETURNING "version"[0m  [["version", "20200819210703"]]
  ↳ bin/rails:4
  [1m[35m (0.5ms)[0m  [1m[35mCOMMIT[0m
  ↳ bin/rails:4
Migrating to CreatePets (20200820130855)
  [1m[35m (0.3ms)[0m  [1m[35mBEGIN[0m
  ↳ bin/rails:4
  [1m[35m (39.4ms)[0m  [1m[35mCREATE TABLE "pets" ("id" bigserial primary key, "image" bytea, "name" character varying, "approximate_age" integer, "sex" character varying, "name_of_shelter_where_the_pet_is_currently_located" character varying)[0m
  ↳ db/migrate/20200820130855_create_pets.rb:3
  [1m[36mActiveRecord::SchemaMigration Create (0.3ms)[0m  [1m[32mINSERT INTO "schema_migrations" ("version") VALUES ($1) RETURNING "version"[0m  [["version", "20200820130855"]]
  ↳ bin/rails:4
  [1m[35m (5.4ms)[0m  [1m[35mCOMMIT[0m
  ↳ bin/rails:4
Migrating to AddSheltersToPets (20200820132353)
  [1m[35m (0.2ms)[0m  [1m[35mBEGIN[0m
  ↳ bin/rails:4
  [1m[35m (6.0ms)[0m  [1m[35mALTER TABLE "pets" ADD "shelter_id" bigint[0m
  ↳ db/migrate/20200820132353_add_shelters_to_pets.rb:3
  [1m[35m (2.2ms)[0m  [1m[35mCREATE  INDEX  "index_pets_on_shelter_id" ON "pets"  ("shelter_id")[0m
  ↳ db/migrate/20200820132353_add_shelters_to_pets.rb:3
  [1m[35m (8.4ms)[0m  [1m[35mALTER TABLE "pets" ADD CONSTRAINT "fk_rails_92fb5d7a05"
FOREIGN KEY ("shelter_id")
  REFERENCES "shelters" ("id")
[0m
  ↳ db/migrate/20200820132353_add_shelters_to_pets.rb:3
  [1m[36mActiveRecord::SchemaMigration Create (0.4ms)[0m  [1m[32mINSERT INTO "schema_migrations" ("version") VALUES ($1) RETURNING "version"[0m  [["version", "20200820132353"]]
  ↳ bin/rails:4
  [1m[35m (0.4ms)[0m  [1m[35mCOMMIT[0m
  ↳ bin/rails:4
Migrating to ChangeDataTypeForImage (20200820201527)
  [1m[35m (0.4ms)[0m  [1m[35mBEGIN[0m
  ↳ bin/rails:4
  [1m[35m (21.3ms)[0m  [1m[35mALTER TABLE "pets" ALTER COLUMN "image" TYPE character varying[0m
  ↳ db/migrate/20200820201527_change_data_type_for_image.rb:3
  [1m[36mActiveRecord::SchemaMigration Create (0.3ms)[0m  [1m[32mINSERT INTO "schema_migrations" ("version") VALUES ($1) RETURNING "version"[0m  [["version", "20200820201527"]]
  ↳ bin/rails:4
  [1m[35m (2.6ms)[0m  [1m[35mCOMMIT[0m
  ↳ bin/rails:4
Migrating to CreateActiveStorageTables (20200821232339)
  [1m[35m (0.2ms)[0m  [1m[35mBEGIN[0m
  ↳ bin/rails:4
  [1m[35m (5.9ms)[0m  [1m[35mCREATE TABLE "active_storage_blobs" ("id" bigserial primary key, "key" character varying NOT NULL, "filename" character varying NOT NULL, "content_type" character varying, "metadata" text, "byte_size" bigint NOT NULL, "checksum" character varying NOT NULL, "created_at" timestamp NOT NULL)[0m
  ↳ db/migrate/20200821232339_create_active_storage_tables.active_storage.rb:4
  [1m[35m (1.1ms)[0m  [1m[35mCREATE UNIQUE INDEX  "index_active_storage_blobs_on_key" ON "active_storage_blobs"  ("key")[0m
  ↳ db/migrate/20200821232339_create_active_storage_tables.active_storage.rb:4
  [1m[35m (14.6ms)[0m  [1m[35mCREATE TABLE "active_storage_attachments" ("id" bigserial primary key, "name" character varying NOT NULL, "record_type" character varying NOT NULL, "record_id" bigint NOT NULL, "blob_id" bigint NOT NULL, "created_at" timestamp NOT NULL, CONSTRAINT "fk_rails_c3b3935057"
FOREIGN KEY ("blob_id")
  REFERENCES "active_storage_blobs" ("id")
)[0m
  ↳ db/migrate/20200821232339_create_active_storage_tables.active_storage.rb:16
  [1m[35m (1.9ms)[0m  [1m[35mCREATE  INDEX  "index_active_storage_attachments_on_blob_id" ON "active_storage_attachments"  ("blob_id")[0m
  ↳ db/migrate/20200821232339_create_active_storage_tables.active_storage.rb:16
  [1m[35m (2.0ms)[0m  [1m[35mCREATE UNIQUE INDEX  "index_active_storage_attachments_uniqueness" ON "active_storage_attachments"  ("record_type", "record_id", "name", "blob_id")[0m
  ↳ db/migrate/20200821232339_create_active_storage_tables.active_storage.rb:16
  [1m[36mActiveRecord::SchemaMigration Create (0.4ms)[0m  [1m[32mINSERT INTO "schema_migrations" ("version") VALUES ($1) RETURNING "version"[0m  [["version", "20200821232339"]]
  ↳ bin/rails:4
  [1m[35m (1.2ms)[0m  [1m[35mCOMMIT[0m
  ↳ bin/rails:4
Migrating to RemoveNameOfShelterWhereThePetIsCurrentlyLocatedFromPets (20200822223957)
  [1m[35m (0.4ms)[0m  [1m[35mBEGIN[0m
  ↳ bin/rails:4
  [1m[35m (1.4ms)[0m  [1m[35mALTER TABLE "pets" DROP COLUMN "name_of_shelter_where_the_pet_is_currently_located"[0m
  ↳ db/migrate/20200822223957_remove_name_of_shelter_where_the_pet_is_currently_located_from_pets.rb:3
  [1m[36mActiveRecord::SchemaMigration Create (0.4ms)[0m  [1m[32mINSERT INTO "schema_migrations" ("version") VALUES ($1) RETURNING "version"[0m  [["version", "20200822223957"]]
  ↳ bin/rails:4
  [1m[35m (0.4ms)[0m  [1m[35mCOMMIT[0m
  ↳ bin/rails:4
Migrating to AddAdoptionStatusToPets (20200822224306)
  [1m[35m (0.2ms)[0m  [1m[35mBEGIN[0m
  ↳ bin/rails:4
  [1m[35m (1.3ms)[0m  [1m[35mALTER TABLE "pets" ADD "adoption_status" character varying[0m
  ↳ db/migrate/20200822224306_add_adoption_status_to_pets.rb:3
  [1m[36mActiveRecord::SchemaMigration Create (0.5ms)[0m  [1m[32mINSERT INTO "schema_migrations" ("version") VALUES ($1) RETURNING "version"[0m  [["version", "20200822224306"]]
  ↳ bin/rails:4
  [1m[35m (1.5ms)[0m  [1m[35mCOMMIT[0m
  ↳ bin/rails:4
Migrating to AddDescriptionToPets (20200822224939)
  [1m[35m (0.4ms)[0m  [1m[35mBEGIN[0m
  ↳ bin/rails:4
  [1m[35m (1.2ms)[0m  [1m[35mALTER TABLE "pets" ADD "description" character varying[0m
  ↳ db/migrate/20200822224939_add_description_to_pets.rb:3
  [1m[36mActiveRecord::SchemaMigration Create (0.4ms)[0m  [1m[32mINSERT INTO "schema_migrations" ("version") VALUES ($1) RETURNING "version"[0m  [["version", "20200822224939"]]
  ↳ bin/rails:4
  [1m[35m (4.8ms)[0m  [1m[35mCOMMIT[0m
  ↳ bin/rails:4
  [1m[36mActiveRecord::InternalMetadata Load (0.7ms)[0m  [1m[34mSELECT  "ar_internal_metadata".* FROM "ar_internal_metadata" WHERE "ar_internal_metadata"."key" = $1 LIMIT $2[0m  [["key", "environment"], ["LIMIT", 1]]
  ↳ bin/rails:4
  [1m[35m (0.2ms)[0m  [1m[35mBEGIN[0m
  ↳ bin/rails:4
  [1m[36mActiveRecord::InternalMetadata Create (5.4ms)[0m  [1m[32mINSERT INTO "ar_internal_metadata" ("key", "value", "created_at", "updated_at") VALUES ($1, $2, $3, $4) RETURNING "key"[0m  [["key", "environment"], ["value", "development"], ["created_at", "2020-08-24 23:36:31.700378"], ["updated_at", "2020-08-24 23:36:31.700378"]]
  ↳ bin/rails:4
  [1m[35m (0.6ms)[0m  [1m[35mCOMMIT[0m
  ↳ bin/rails:4
  [1m[35m (0.4ms)[0m  [1m[34mSELECT pg_advisory_unlock(5022504912090105405)[0m
  ↳ bin/rails:4
  [1m[35m (0.6ms)[0m  [1m[34mSELECT "schema_migrations"."version" FROM "schema_migrations" ORDER BY "schema_migrations"."version" ASC[0m
  ↳ bin/rails:4
  [1m[35m (2.4ms)[0m  [1m[34mSELECT "schema_migrations"."version" FROM "schema_migrations" ORDER BY "schema_migrations"."version" ASC[0m
  ↳ bin/rails:4
  [1m[35m (0.2ms)[0m  [1m[35mBEGIN[0m
  ↳ db/seeds.rb:8
  [1m[36mShelter Create (2.4ms)[0m  [1m[32mINSERT INTO "shelters" ("name", "address", "city", "state", "zip") VALUES ($1, $2, $3, $4, $5) RETURNING "id"[0m  [["name", "Willy's Animal Center"], ["address", "2020 Whirlwind Dr"], ["city", "Denver"], ["state", "CO"], ["zip", 80014]]
  ↳ db/seeds.rb:8
  [1m[35m (0.5ms)[0m  [1m[35mCOMMIT[0m
  ↳ db/seeds.rb:8
  [1m[35m (0.2ms)[0m  [1m[35mBEGIN[0m
  ↳ db/seeds.rb:14
  [1m[36mShelter Create (0.5ms)[0m  [1m[32mINSERT INTO "shelters" ("name", "address", "city", "state", "zip") VALUES ($1, $2, $3, $4, $5) RETURNING "id"[0m  [["name", "Wilmer's Place"], ["address", "123 Fake St"], ["city", "Chicago"], ["state", "IL"], ["zip", 60651]]
  ↳ db/seeds.rb:14
  [1m[35m (0.3ms)[0m  [1m[35mCOMMIT[0m
  ↳ db/seeds.rb:14
  [1m[35m (0.2ms)[0m  [1m[35mBEGIN[0m
  ↳ db/seeds.rb:20
  [1m[36mShelter Create (0.9ms)[0m  [1m[32mINSERT INTO "shelters" ("name", "address", "city", "state", "zip") VALUES ($1, $2, $3, $4, $5) RETURNING "id"[0m  [["name", "Luna's Animal Sanctuary"], ["address", "3456 Lost Place"], ["city", "Peoria"], ["state", "IL"], ["zip", 60564]]
  ↳ db/seeds.rb:20
  [1m[35m (0.4ms)[0m  [1m[35mCOMMIT[0m
  ↳ db/seeds.rb:20
  [1m[35m (0.4ms)[0m  [1m[35mBEGIN[0m
  ↳ db/seeds.rb:26
  [1m[36mPet Create (5.7ms)[0m  [1m[32mINSERT INTO "pets" ("image", "name", "approximate_age", "sex", "shelter_id", "adoption_status", "description") VALUES ($1, $2, $3, $4, $5, $6, $7) RETURNING "id"[0m  [["image", "https://i.pinimg.com/236x/23/4d/b2/234db2abd5a83b872c345335fb9a4933--baby-rottweiler-cutest-puppy.jpg"], ["name", "Waylon"], ["approximate_age", 1], ["sex", "male"], ["shelter_id", 1], ["adoption_status", "available"], ["description", "1 year old rottie pup"]]
  ↳ db/seeds.rb:26
  [1m[35m (28.3ms)[0m  [1m[35mCOMMIT[0m
  ↳ db/seeds.rb:26
  [1m[35m (1.0ms)[0m  [1m[35mBEGIN[0m
  ↳ db/seeds.rb:33
  [1m[36mPet Create (1.1ms)[0m  [1m[32mINSERT INTO "pets" ("image", "name", "approximate_age", "sex", "shelter_id", "adoption_status", "description") VALUES ($1, $2, $3, $4, $5, $6, $7) RETURNING "id"[0m  [["image", "https://usercontent1.hubstatic.com/2088428.jpg"], ["name", "Merle"], ["approximate_age", 5], ["sex", "male"], ["shelter_id", 1], ["adoption_status", "available"], ["description", "Mostly a wolf"]]
  ↳ db/seeds.rb:33
  [1m[35m (1.5ms)[0m  [1m[35mCOMMIT[0m
  ↳ db/seeds.rb:33
  [1m[35m (0.2ms)[0m  [1m[35mBEGIN[0m
  ↳ db/seeds.rb:40
  [1m[36mPet Create (1.1ms)[0m  [1m[32mINSERT INTO "pets" ("image", "name", "approximate_age", "sex", "shelter_id", "adoption_status", "description") VALUES ($1, $2, $3, $4, $5, $6, $7) RETURNING "id"[0m  [["image", "https://wallpapersgood.com/resize/960x800/wallpapers/main2/201645/moana-moana-heihei-hej-hej.jpg\u2029"], ["name", "HeiHei"], ["approximate_age", 1], ["sex", "male"], ["shelter_id", 2], ["adoption_status", "available"], ["description", "1 year old pet rooster"]]
  ↳ db/seeds.rb:40
  [1m[35m (4.2ms)[0m  [1m[35mCOMMIT[0m
  ↳ db/seeds.rb:40
  [1m[35m (0.3ms)[0m  [1m[35mBEGIN[0m
  ↳ db/seeds.rb:47
  [1m[36mPet Create (1.5ms)[0m  [1m[32mINSERT INTO "pets" ("image", "name", "approximate_age", "sex", "shelter_id", "adoption_status", "description") VALUES ($1, $2, $3, $4, $5, $6, $7) RETURNING "id"[0m  [["image", "https://www.awesomestories.com/images/user/fc91b9a310fa92b98f27ab1038548062.jpg"], ["name", "Wilbur"], ["approximate_age", 1], ["sex", "male"], ["shelter_id", 2], ["adoption_status", "available"], ["description", "Tiny baby pig"]]
  ↳ db/seeds.rb:47
  [1m[35m (0.5ms)[0m  [1m[35mCOMMIT[0m
  ↳ db/seeds.rb:47
  [1m[35m (1.9ms)[0m  [1m[35mBEGIN[0m
  ↳ db/seeds.rb:54
  [1m[36mPet Create (0.9ms)[0m  [1m[32mINSERT INTO "pets" ("image", "name", "approximate_age", "sex", "shelter_id", "adoption_status", "description") VALUES ($1, $2, $3, $4, $5, $6, $7) RETURNING "id"[0m  [["image", "https://i.pinimg.com/originals/52/4d/57/524d571a2e0d5bcb54f0b819ae9aeb63.jpg"], ["name", "Sandy"], ["approximate_age", 4], ["sex", "female"], ["shelter_id", 3], ["adoption_status", "available"], ["description", "Spits and bites"]]
  ↳ db/seeds.rb:54
  [1m[35m (1.7ms)[0m  [1m[35mCOMMIT[0m
  ↳ db/seeds.rb:54
  [1m[35m (0.2ms)[0m  [1m[35mBEGIN[0m
  ↳ db/seeds.rb:61
  [1m[36mPet Create (1.1ms)[0m  [1m[32mINSERT INTO "pets" ("image", "name", "approximate_age", "sex", "shelter_id", "adoption_status", "description") VALUES ($1, $2, $3, $4, $5, $6, $7) RETURNING "id"[0m  [["image", "https://cinefex.com/backissues/covers/Cinefex_108.jpg"], ["name", "Charlotte"], ["approximate_age", 6], ["sex", "female"], ["shelter_id", 3], ["adoption_status", "available"], ["description", "All the eyes and legs"]]
  ↳ db/seeds.rb:61
  [1m[35m (8.7ms)[0m  [1m[35mCOMMIT[0m
  ↳ db/seeds.rb:61
  [1m[35m (2.6ms)[0m  [1m[34mSELECT "schema_migrations"."version" FROM "schema_migrations" ORDER BY "schema_migrations"."version" ASC[0m
  ↳ bin/rails:4
  [1m[35m (0.2ms)[0m  [1m[35mBEGIN[0m
  ↳ db/seeds.rb:8
  [1m[36mShelter Create (3.4ms)[0m  [1m[32mINSERT INTO "shelters" ("name", "address", "city", "state", "zip") VALUES ($1, $2, $3, $4, $5) RETURNING "id"[0m  [["name", "Willy's Animal Center"], ["address", "2020 Whirlwind Dr"], ["city", "Denver"], ["state", "CO"], ["zip", 80014]]
  ↳ db/seeds.rb:8
  [1m[35m (0.6ms)[0m  [1m[35mCOMMIT[0m
  ↳ db/seeds.rb:8
  [1m[35m (0.2ms)[0m  [1m[35mBEGIN[0m
  ↳ db/seeds.rb:14
  [1m[36mShelter Create (0.5ms)[0m  [1m[32mINSERT INTO "shelters" ("name", "address", "city", "state", "zip") VALUES ($1, $2, $3, $4, $5) RETURNING "id"[0m  [["name", "Wilmer's Place"], ["address", "123 Fake St"], ["city", "Chicago"], ["state", "IL"], ["zip", 60651]]
  ↳ db/seeds.rb:14
  [1m[35m (0.4ms)[0m  [1m[35mCOMMIT[0m
  ↳ db/seeds.rb:14
  [1m[35m (0.1ms)[0m  [1m[35mBEGIN[0m
  ↳ db/seeds.rb:20
  [1m[36mShelter Create (0.4ms)[0m  [1m[32mINSERT INTO "shelters" ("name", "address", "city", "state", "zip") VALUES ($1, $2, $3, $4, $5) RETURNING "id"[0m  [["name", "Luna's Animal Sanctuary"], ["address", "3456 Lost Place"], ["city", "Peoria"], ["state", "IL"], ["zip", 60564]]
  ↳ db/seeds.rb:20
  [1m[35m (0.3ms)[0m  [1m[35mCOMMIT[0m
  ↳ db/seeds.rb:20
  [1m[35m (0.2ms)[0m  [1m[35mBEGIN[0m
  ↳ db/seeds.rb:26
  [1m[36mPet Create (2.9ms)[0m  [1m[32mINSERT INTO "pets" ("image", "name", "approximate_age", "sex", "shelter_id", "adoption_status", "description") VALUES ($1, $2, $3, $4, $5, $6, $7) RETURNING "id"[0m  [["image", "https://i.pinimg.com/236x/23/4d/b2/234db2abd5a83b872c345335fb9a4933--baby-rottweiler-cutest-puppy.jpg"], ["name", "Waylon"], ["approximate_age", 1], ["sex", "male"], ["shelter_id", 4], ["adoption_status", "available"], ["description", "1 year old rottie pup"]]
  ↳ db/seeds.rb:26
  [1m[35m (0.5ms)[0m  [1m[35mCOMMIT[0m
  ↳ db/seeds.rb:26
  [1m[35m (0.4ms)[0m  [1m[35mBEGIN[0m
  ↳ db/seeds.rb:33
  [1m[36mPet Create (2.6ms)[0m  [1m[32mINSERT INTO "pets" ("image", "name", "approximate_age", "sex", "shelter_id", "adoption_status", "description") VALUES ($1, $2, $3, $4, $5, $6, $7) RETURNING "id"[0m  [["image", "https://usercontent1.hubstatic.com/2088428.jpg"], ["name", "Merle"], ["approximate_age", 5], ["sex", "male"], ["shelter_id", 4], ["adoption_status", "available"], ["description", "Mostly a wolf"]]
  ↳ db/seeds.rb:33
  [1m[35m (1.7ms)[0m  [1m[35mCOMMIT[0m
  ↳ db/seeds.rb:33
  [1m[35m (0.3ms)[0m  [1m[35mBEGIN[0m
  ↳ db/seeds.rb:40
  [1m[36mPet Create (0.9ms)[0m  [1m[32mINSERT INTO "pets" ("image", "name", "approximate_age", "sex", "shelter_id", "adoption_status", "description") VALUES ($1, $2, $3, $4, $5, $6, $7) RETURNING "id"[0m  [["image", "https://1.bp.blogspot.com/-AgSjAIAAGQU/XXgHAahd80I/AAAAAAACMYQ/ja2TJ7tMZE8uTmzyXJ0ySHd2Ml3DrzmWQCLcBGAs/s1600/il_794xN.1383776661_dosv.jpg"], ["name", "HeiHei"], ["approximate_age", 1], ["sex", "male"], ["shelter_id", 5], ["adoption_status", "available"], ["description", "1 year old pet rooster"]]
  ↳ db/seeds.rb:40
  [1m[35m (0.3ms)[0m  [1m[35mCOMMIT[0m
  ↳ db/seeds.rb:40
  [1m[35m (0.2ms)[0m  [1m[35mBEGIN[0m
  ↳ db/seeds.rb:47
  [1m[36mPet Create (1.0ms)[0m  [1m[32mINSERT INTO "pets" ("image", "name", "approximate_age", "sex", "shelter_id", "adoption_status", "description") VALUES ($1, $2, $3, $4, $5, $6, $7) RETURNING "id"[0m  [["image", "https://www.awesomestories.com/images/user/fc91b9a310fa92b98f27ab1038548062.jpg"], ["name", "Wilbur"], ["approximate_age", 1], ["sex", "male"], ["shelter_id", 5], ["adoption_status", "available"], ["description", "Tiny baby pig"]]
  ↳ db/seeds.rb:47
  [1m[35m (0.4ms)[0m  [1m[35mCOMMIT[0m
  ↳ db/seeds.rb:47
  [1m[35m (0.1ms)[0m  [1m[35mBEGIN[0m
  ↳ db/seeds.rb:54
  [1m[36mPet Create (0.5ms)[0m  [1m[32mINSERT INTO "pets" ("image", "name", "approximate_age", "sex", "shelter_id", "adoption_status", "description") VALUES ($1, $2, $3, $4, $5, $6, $7) RETURNING "id"[0m  [["image", "https://i.pinimg.com/originals/52/4d/57/524d571a2e0d5bcb54f0b819ae9aeb63.jpg"], ["name", "Sandy"], ["approximate_age", 4], ["sex", "female"], ["shelter_id", 6], ["adoption_status", "available"], ["description", "Spits and bites"]]
  ↳ db/seeds.rb:54
  [1m[35m (0.3ms)[0m  [1m[35mCOMMIT[0m
  ↳ db/seeds.rb:54
  [1m[35m (0.2ms)[0m  [1m[35mBEGIN[0m
  ↳ db/seeds.rb:61
  [1m[36mPet Create (0.6ms)[0m  [1m[32mINSERT INTO "pets" ("image", "name", "approximate_age", "sex", "shelter_id", "adoption_status", "description") VALUES ($1, $2, $3, $4, $5, $6, $7) RETURNING "id"[0m  [["image", "https://cinefex.com/backissues/covers/Cinefex_108.jpg"], ["name", "Charlotte"], ["approximate_age", 6], ["sex", "female"], ["shelter_id", 6], ["adoption_status", "available"], ["description", "All the eyes and legs"]]
  ↳ db/seeds.rb:61
  [1m[35m (0.3ms)[0m  [1m[35mCOMMIT[0m
  ↳ db/seeds.rb:61
  [1m[35m (1.5ms)[0m  [1m[34mSELECT pg_try_advisory_lock(5022504912090105405)[0m
  ↳ bin/rails:4
  [1m[35m (1.4ms)[0m  [1m[34mSELECT "schema_migrations"."version" FROM "schema_migrations" ORDER BY "schema_migrations"."version" ASC[0m
  ↳ bin/rails:4
  [1m[36mActiveRecord::InternalMetadata Load (1.3ms)[0m  [1m[34mSELECT  "ar_internal_metadata".* FROM "ar_internal_metadata" WHERE "ar_internal_metadata"."key" = $1 LIMIT $2[0m  [["key", "environment"], ["LIMIT", 1]]
  ↳ bin/rails:4
  [1m[35m (0.5ms)[0m  [1m[35mBEGIN[0m
  ↳ bin/rails:4
  [1m[35m (0.2ms)[0m  [1m[35mCOMMIT[0m
  ↳ bin/rails:4
  [1m[35m (0.3ms)[0m  [1m[34mSELECT pg_advisory_unlock(5022504912090105405)[0m
  ↳ bin/rails:4
  [1m[35m (0.4ms)[0m  [1m[34mSELECT "schema_migrations"."version" FROM "schema_migrations" ORDER BY "schema_migrations"."version" ASC[0m
  ↳ bin/rails:4
  [1m[35m (1.5ms)[0m  [1m[34mSELECT "schema_migrations"."version" FROM "schema_migrations" ORDER BY "schema_migrations"."version" ASC[0m
  ↳ bin/rails:4
  [1m[35m (0.2ms)[0m  [1m[35mBEGIN[0m
  ↳ db/seeds.rb:8
  [1m[36mShelter Create (1.2ms)[0m  [1m[32mINSERT INTO "shelters" ("name", "address", "city", "state", "zip") VALUES ($1, $2, $3, $4, $5) RETURNING "id"[0m  [["name", "Willy's Animal Center"], ["address", "2020 Whirlwind Dr"], ["city", "Denver"], ["state", "CO"], ["zip", 80014]]
  ↳ db/seeds.rb:8
  [1m[35m (1.1ms)[0m  [1m[35mCOMMIT[0m
  ↳ db/seeds.rb:8
  [1m[35m (0.1ms)[0m  [1m[35mBEGIN[0m
  ↳ db/seeds.rb:14
  [1m[36mShelter Create (0.4ms)[0m  [1m[32mINSERT INTO "shelters" ("name", "address", "city", "state", "zip") VALUES ($1, $2, $3, $4, $5) RETURNING "id"[0m  [["name", "Wilmer's Place"], ["address", "123 Fake St"], ["city", "Chicago"], ["state", "IL"], ["zip", 60651]]
  ↳ db/seeds.rb:14
  [1m[35m (0.3ms)[0m  [1m[35mCOMMIT[0m
  ↳ db/seeds.rb:14
  [1m[35m (0.1ms)[0m  [1m[35mBEGIN[0m
  ↳ db/seeds.rb:20
  [1m[36mShelter Create (0.4ms)[0m  [1m[32mINSERT INTO "shelters" ("name", "address", "city", "state", "zip") VALUES ($1, $2, $3, $4, $5) RETURNING "id"[0m  [["name", "Luna's Animal Sanctuary"], ["address", "3456 Lost Place"], ["city", "Peoria"], ["state", "IL"], ["zip", 60564]]
  ↳ db/seeds.rb:20
  [1m[35m (0.3ms)[0m  [1m[35mCOMMIT[0m
  ↳ db/seeds.rb:20
  [1m[35m (0.8ms)[0m  [1m[35mBEGIN[0m
  ↳ db/seeds.rb:26
  [1m[36mPet Create (1.7ms)[0m  [1m[32mINSERT INTO "pets" ("image", "name", "approximate_age", "sex", "shelter_id", "adoption_status", "description") VALUES ($1, $2, $3, $4, $5, $6, $7) RETURNING "id"[0m  [["image", "https://i.pinimg.com/236x/23/4d/b2/234db2abd5a83b872c345335fb9a4933--baby-rottweiler-cutest-puppy.jpg"], ["name", "Waylon"], ["approximate_age", 1], ["sex", "male"], ["shelter_id", 7], ["adoption_status", "available"], ["description", "1 year old rottie pup"]]
  ↳ db/seeds.rb:26
  [1m[35m (0.4ms)[0m  [1m[35mCOMMIT[0m
  ↳ db/seeds.rb:26
  [1m[35m (0.1ms)[0m  [1m[35mBEGIN[0m
  ↳ db/seeds.rb:33
  [1m[36mPet Create (0.5ms)[0m  [1m[32mINSERT INTO "pets" ("image", "name", "approximate_age", "sex", "shelter_id", "adoption_status", "description") VALUES ($1, $2, $3, $4, $5, $6, $7) RETURNING "id"[0m  [["image", "https://usercontent1.hubstatic.com/2088428.jpg"], ["name", "Merle"], ["approximate_age", 5], ["sex", "male"], ["shelter_id", 7], ["adoption_status", "available"], ["description", "Mostly a wolf"]]
  ↳ db/seeds.rb:33
  [1m[35m (0.3ms)[0m  [1m[35mCOMMIT[0m
  ↳ db/seeds.rb:33
  [1m[35m (0.2ms)[0m  [1m[35mBEGIN[0m
  ↳ db/seeds.rb:40
  [1m[36mPet Create (0.5ms)[0m  [1m[32mINSERT INTO "pets" ("image", "name", "approximate_age", "sex", "shelter_id", "adoption_status", "description") VALUES ($1, $2, $3, $4, $5, $6, $7) RETURNING "id"[0m  [["image", "https://1.bp.blogspot.com/-AgSjAIAAGQU/XXgHAahd80I/AAAAAAACMYQ/ja2TJ7tMZE8uTmzyXJ0ySHd2Ml3DrzmWQCLcBGAs/s1600/il_794xN.1383776661_dosv.jpg"], ["name", "HeiHei"], ["approximate_age", 1], ["sex", "male"], ["shelter_id", 8], ["adoption_status", "available"], ["description", "1 year old pet rooster"]]
  ↳ db/seeds.rb:40
  [1m[35m (0.4ms)[0m  [1m[35mCOMMIT[0m
  ↳ db/seeds.rb:40
  [1m[35m (0.2ms)[0m  [1m[35mBEGIN[0m
  ↳ db/seeds.rb:47
  [1m[36mPet Create (0.6ms)[0m  [1m[32mINSERT INTO "pets" ("image", "name", "approximate_age", "sex", "shelter_id", "adoption_status", "description") VALUES ($1, $2, $3, $4, $5, $6, $7) RETURNING "id"[0m  [["image", "https://www.awesomestories.com/images/user/fc91b9a310fa92b98f27ab1038548062.jpg"], ["name", "Wilbur"], ["approximate_age", 1], ["sex", "male"], ["shelter_id", 8], ["adoption_status", "available"], ["description", "Tiny baby pig"]]
  ↳ db/seeds.rb:47
  [1m[35m (0.6ms)[0m  [1m[35mCOMMIT[0m
  ↳ db/seeds.rb:47
  [1m[35m (0.2ms)[0m  [1m[35mBEGIN[0m
  ↳ db/seeds.rb:54
  [1m[36mPet Create (0.6ms)[0m  [1m[32mINSERT INTO "pets" ("image", "name", "approximate_age", "sex", "shelter_id", "adoption_status", "description") VALUES ($1, $2, $3, $4, $5, $6, $7) RETURNING "id"[0m  [["image", "https://i.pinimg.com/originals/52/4d/57/524d571a2e0d5bcb54f0b819ae9aeb63.jpg"], ["name", "Sandy"], ["approximate_age", 4], ["sex", "female"], ["shelter_id", 9], ["adoption_status", "available"], ["description", "Spits and bites"]]
  ↳ db/seeds.rb:54
  [1m[35m (0.4ms)[0m  [1m[35mCOMMIT[0m
  ↳ db/seeds.rb:54
  [1m[35m (0.2ms)[0m  [1m[35mBEGIN[0m
  ↳ db/seeds.rb:61
  [1m[36mPet Create (0.8ms)[0m  [1m[32mINSERT INTO "pets" ("image", "name", "approximate_age", "sex", "shelter_id", "adoption_status", "description") VALUES ($1, $2, $3, $4, $5, $6, $7) RETURNING "id"[0m  [["image", "https://cinefex.com/backissues/covers/Cinefex_108.jpg"], ["name", "Charlotte"], ["approximate_age", 6], ["sex", "female"], ["shelter_id", 9], ["adoption_status", "available"], ["description", "All the eyes and legs"]]
  ↳ db/seeds.rb:61
  [1m[35m (0.5ms)[0m  [1m[35mCOMMIT[0m
  ↳ db/seeds.rb:61
  [1m[35m (1.3ms)[0m  [1m[34mSELECT "schema_migrations"."version" FROM "schema_migrations" ORDER BY "schema_migrations"."version" ASC[0m
  ↳ bin/rails:4
  [1m[35m (0.4ms)[0m  [1m[34mSELECT "ar_internal_metadata"."value" FROM "ar_internal_metadata" WHERE "ar_internal_metadata"."key" = $1[0m  [["key", "environment"]]
  ↳ bin/rails:4
  [1m[35m (0.4ms)[0m  [1m[34mSELECT "schema_migrations"."version" FROM "schema_migrations" ORDER BY "schema_migrations"."version" ASC[0m
  ↳ bin/rails:4
  [1m[35m (1.6ms)[0m  [1m[34mSELECT "ar_internal_metadata"."value" FROM "ar_internal_metadata" WHERE "ar_internal_metadata"."key" = $1[0m  [["key", "environment"]]
  ↳ bin/rails:4
  [1m[35m (0.7ms)[0m  [1m[34mSELECT "schema_migrations"."version" FROM "schema_migrations" ORDER BY "schema_migrations"."version" ASC[0m
  ↳ bin/rails:4
  [1m[35m (0.3ms)[0m  [1m[34mSELECT "ar_internal_metadata"."value" FROM "ar_internal_metadata" WHERE "ar_internal_metadata"."key" = $1[0m  [["key", "environment"]]
  ↳ bin/rails:4
  [1m[35m (8699.3ms)[0m  [1m[35mDROP DATABASE IF EXISTS "adopt_dont_shop_development"[0m
  ↳ bin/rails:4
  [1m[35m (1.7ms)[0m  [1m[34mSELECT "schema_migrations"."version" FROM "schema_migrations" ORDER BY "schema_migrations"."version" ASC[0m
  ↳ bin/rails:4
  [1m[35m (0.6ms)[0m  [1m[34mSELECT "ar_internal_metadata"."value" FROM "ar_internal_metadata" WHERE "ar_internal_metadata"."key" = $1[0m  [["key", "environment"]]
  ↳ bin/rails:4
  [1m[35m (0.4ms)[0m  [1m[34mSELECT "schema_migrations"."version" FROM "schema_migrations" ORDER BY "schema_migrations"."version" ASC[0m
  ↳ bin/rails:4
  [1m[35m (0.5ms)[0m  [1m[34mSELECT "ar_internal_metadata"."value" FROM "ar_internal_metadata" WHERE "ar_internal_metadata"."key" = $1[0m  [["key", "environment"]]
  ↳ bin/rails:4
  [1m[35m (0.5ms)[0m  [1m[34mSELECT "schema_migrations"."version" FROM "schema_migrations" ORDER BY "schema_migrations"."version" ASC[0m
  ↳ bin/rails:4
  [1m[35m (0.7ms)[0m  [1m[34mSELECT "ar_internal_metadata"."value" FROM "ar_internal_metadata" WHERE "ar_internal_metadata"."key" = $1[0m  [["key", "environment"]]
  ↳ bin/rails:4
  [1m[35m (133.3ms)[0m  [1m[35mDROP DATABASE IF EXISTS "adopt_dont_shop_development"[0m
  ↳ bin/rails:4
  [1m[35m (159.8ms)[0m  [1m[35mDROP DATABASE IF EXISTS "adopt_dont_shop_test"[0m
  ↳ bin/rails:4
  [1m[35m (348.6ms)[0m  [1m[35mCREATE DATABASE "adopt_dont_shop_development" ENCODING = 'unicode'[0m
  ↳ bin/rails:4
  [1m[35m (158.2ms)[0m  [1m[35mCREATE DATABASE "adopt_dont_shop_test" ENCODING = 'unicode'[0m
  ↳ bin/rails:4
  [1m[35m (116.1ms)[0m  [1m[35mCREATE TABLE "schema_migrations" ("version" character varying NOT NULL PRIMARY KEY)[0m
  ↳ bin/rails:4
  [1m[35m (10.4ms)[0m  [1m[35mCREATE TABLE "ar_internal_metadata" ("key" character varying NOT NULL PRIMARY KEY, "value" character varying, "created_at" timestamp NOT NULL, "updated_at" timestamp NOT NULL)[0m
  ↳ bin/rails:4
  [1m[35m (0.3ms)[0m  [1m[34mSELECT pg_try_advisory_lock(5022504912090105405)[0m
  ↳ bin/rails:4
  [1m[35m (1.3ms)[0m  [1m[34mSELECT "schema_migrations"."version" FROM "schema_migrations" ORDER BY "schema_migrations"."version" ASC[0m
  ↳ bin/rails:4
Migrating to CreateShelters (20200819210703)
  [1m[35m (0.2ms)[0m  [1m[35mBEGIN[0m
  ↳ bin/rails:4
  [1m[35m (16.7ms)[0m  [1m[35mCREATE TABLE "shelters" ("id" bigserial primary key, "name" character varying, "address" character varying, "city" character varying, "state" character varying, "zip" integer)[0m
  ↳ db/migrate/20200819210703_create_shelters.rb:3
  [1m[36mActiveRecord::SchemaMigration Create (10.0ms)[0m  [1m[32mINSERT INTO "schema_migrations" ("version") VALUES ($1) RETURNING "version"[0m  [["version", "20200819210703"]]
  ↳ bin/rails:4
  [1m[35m (1.2ms)[0m  [1m[35mCOMMIT[0m
  ↳ bin/rails:4
Migrating to CreatePets (20200820130855)
  [1m[35m (0.8ms)[0m  [1m[35mBEGIN[0m
  ↳ bin/rails:4
  [1m[35m (18.1ms)[0m  [1m[35mCREATE TABLE "pets" ("id" bigserial primary key, "image" bytea, "name" character varying, "approximate_age" integer, "sex" character varying, "name_of_shelter_where_the_pet_is_currently_located" character varying)[0m
  ↳ db/migrate/20200820130855_create_pets.rb:3
  [1m[36mActiveRecord::SchemaMigration Create (0.6ms)[0m  [1m[32mINSERT INTO "schema_migrations" ("version") VALUES ($1) RETURNING "version"[0m  [["version", "20200820130855"]]
  ↳ bin/rails:4
  [1m[35m (4.1ms)[0m  [1m[35mCOMMIT[0m
  ↳ bin/rails:4
Migrating to AddSheltersToPets (20200820132353)
  [1m[35m (0.5ms)[0m  [1m[35mBEGIN[0m
  ↳ bin/rails:4
  [1m[35m (0.9ms)[0m  [1m[35mALTER TABLE "pets" ADD "shelter_id" bigint[0m
  ↳ db/migrate/20200820132353_add_shelters_to_pets.rb:3
  [1m[35m (2.0ms)[0m  [1m[35mCREATE  INDEX  "index_pets_on_shelter_id" ON "pets"  ("shelter_id")[0m
  ↳ db/migrate/20200820132353_add_shelters_to_pets.rb:3
  [1m[35m (5.0ms)[0m  [1m[35mALTER TABLE "pets" ADD CONSTRAINT "fk_rails_92fb5d7a05"
FOREIGN KEY ("shelter_id")
  REFERENCES "shelters" ("id")
[0m
  ↳ db/migrate/20200820132353_add_shelters_to_pets.rb:3
  [1m[36mActiveRecord::SchemaMigration Create (0.5ms)[0m  [1m[32mINSERT INTO "schema_migrations" ("version") VALUES ($1) RETURNING "version"[0m  [["version", "20200820132353"]]
  ↳ bin/rails:4
  [1m[35m (13.9ms)[0m  [1m[35mCOMMIT[0m
  ↳ bin/rails:4
Migrating to ChangeDataTypeForImage (20200820201527)
  [1m[35m (0.2ms)[0m  [1m[35mBEGIN[0m
  ↳ bin/rails:4
  [1m[35m (35.1ms)[0m  [1m[35mALTER TABLE "pets" ALTER COLUMN "image" TYPE character varying[0m
  ↳ db/migrate/20200820201527_change_data_type_for_image.rb:3
  [1m[36mActiveRecord::SchemaMigration Create (0.6ms)[0m  [1m[32mINSERT INTO "schema_migrations" ("version") VALUES ($1) RETURNING "version"[0m  [["version", "20200820201527"]]
  ↳ bin/rails:4
  [1m[35m (4.9ms)[0m  [1m[35mCOMMIT[0m
  ↳ bin/rails:4
Migrating to CreateActiveStorageTables (20200821232339)
  [1m[35m (0.3ms)[0m  [1m[35mBEGIN[0m
  ↳ bin/rails:4
  [1m[35m (20.6ms)[0m  [1m[35mCREATE TABLE "active_storage_blobs" ("id" bigserial primary key, "key" character varying NOT NULL, "filename" character varying NOT NULL, "content_type" character varying, "metadata" text, "byte_size" bigint NOT NULL, "checksum" character varying NOT NULL, "created_at" timestamp NOT NULL)[0m
  ↳ db/migrate/20200821232339_create_active_storage_tables.active_storage.rb:4
  [1m[35m (2.9ms)[0m  [1m[35mCREATE UNIQUE INDEX  "index_active_storage_blobs_on_key" ON "active_storage_blobs"  ("key")[0m
  ↳ db/migrate/20200821232339_create_active_storage_tables.active_storage.rb:4
  [1m[35m (21.9ms)[0m  [1m[35mCREATE TABLE "active_storage_attachments" ("id" bigserial primary key, "name" character varying NOT NULL, "record_type" character varying NOT NULL, "record_id" bigint NOT NULL, "blob_id" bigint NOT NULL, "created_at" timestamp NOT NULL, CONSTRAINT "fk_rails_c3b3935057"
FOREIGN KEY ("blob_id")
  REFERENCES "active_storage_blobs" ("id")
)[0m
  ↳ db/migrate/20200821232339_create_active_storage_tables.active_storage.rb:16
  [1m[35m (2.3ms)[0m  [1m[35mCREATE  INDEX  "index_active_storage_attachments_on_blob_id" ON "active_storage_attachments"  ("blob_id")[0m
  ↳ db/migrate/20200821232339_create_active_storage_tables.active_storage.rb:16
  [1m[35m (2.6ms)[0m  [1m[35mCREATE UNIQUE INDEX  "index_active_storage_attachments_uniqueness" ON "active_storage_attachments"  ("record_type", "record_id", "name", "blob_id")[0m
  ↳ db/migrate/20200821232339_create_active_storage_tables.active_storage.rb:16
  [1m[36mActiveRecord::SchemaMigration Create (0.7ms)[0m  [1m[32mINSERT INTO "schema_migrations" ("version") VALUES ($1) RETURNING "version"[0m  [["version", "20200821232339"]]
  ↳ bin/rails:4
  [1m[35m (0.7ms)[0m  [1m[35mCOMMIT[0m
  ↳ bin/rails:4
Migrating to RemoveNameOfShelterWhereThePetIsCurrentlyLocatedFromPets (20200822223957)
  [1m[35m (4.5ms)[0m  [1m[35mBEGIN[0m
  ↳ bin/rails:4
  [1m[35m (1.8ms)[0m  [1m[35mALTER TABLE "pets" DROP COLUMN "name_of_shelter_where_the_pet_is_currently_located"[0m
  ↳ db/migrate/20200822223957_remove_name_of_shelter_where_the_pet_is_currently_located_from_pets.rb:3
  [1m[36mActiveRecord::SchemaMigration Create (0.5ms)[0m  [1m[32mINSERT INTO "schema_migrations" ("version") VALUES ($1) RETURNING "version"[0m  [["version", "20200822223957"]]
  ↳ bin/rails:4
  [1m[35m (1.4ms)[0m  [1m[35mCOMMIT[0m
  ↳ bin/rails:4
Migrating to AddAdoptionStatusToPets (20200822224306)
  [1m[35m (1.5ms)[0m  [1m[35mBEGIN[0m
  ↳ bin/rails:4
  [1m[35m (1.8ms)[0m  [1m[35mALTER TABLE "pets" ADD "adoption_status" character varying[0m
  ↳ db/migrate/20200822224306_add_adoption_status_to_pets.rb:3
  [1m[36mActiveRecord::SchemaMigration Create (0.4ms)[0m  [1m[32mINSERT INTO "schema_migrations" ("version") VALUES ($1) RETURNING "version"[0m  [["version", "20200822224306"]]
  ↳ bin/rails:4
  [1m[35m (0.5ms)[0m  [1m[35mCOMMIT[0m
  ↳ bin/rails:4
Migrating to AddDescriptionToPets (20200822224939)
  [1m[35m (0.5ms)[0m  [1m[35mBEGIN[0m
  ↳ bin/rails:4
  [1m[35m (4.1ms)[0m  [1m[35mALTER TABLE "pets" ADD "description" character varying[0m
  ↳ db/migrate/20200822224939_add_description_to_pets.rb:3
  [1m[36mActiveRecord::SchemaMigration Create (0.5ms)[0m  [1m[32mINSERT INTO "schema_migrations" ("version") VALUES ($1) RETURNING "version"[0m  [["version", "20200822224939"]]
  ↳ bin/rails:4
  [1m[35m (0.8ms)[0m  [1m[35mCOMMIT[0m
  ↳ bin/rails:4
  [1m[36mActiveRecord::InternalMetadata Load (0.8ms)[0m  [1m[34mSELECT  "ar_internal_metadata".* FROM "ar_internal_metadata" WHERE "ar_internal_metadata"."key" = $1 LIMIT $2[0m  [["key", "environment"], ["LIMIT", 1]]
  ↳ bin/rails:4
  [1m[35m (1.6ms)[0m  [1m[35mBEGIN[0m
  ↳ bin/rails:4
  [1m[36mActiveRecord::InternalMetadata Create (5.5ms)[0m  [1m[32mINSERT INTO "ar_internal_metadata" ("key", "value", "created_at", "updated_at") VALUES ($1, $2, $3, $4) RETURNING "key"[0m  [["key", "environment"], ["value", "development"], ["created_at", "2020-08-25 00:08:26.578233"], ["updated_at", "2020-08-25 00:08:26.578233"]]
  ↳ bin/rails:4
  [1m[35m (0.4ms)[0m  [1m[35mCOMMIT[0m
  ↳ bin/rails:4
  [1m[35m (0.4ms)[0m  [1m[34mSELECT pg_advisory_unlock(5022504912090105405)[0m
  ↳ bin/rails:4
  [1m[35m (1.1ms)[0m  [1m[34mSELECT "schema_migrations"."version" FROM "schema_migrations" ORDER BY "schema_migrations"."version" ASC[0m
  ↳ bin/rails:4
  [1m[35m (0.3ms)[0m  [1m[34mSELECT "schema_migrations"."version" FROM "schema_migrations" ORDER BY "schema_migrations"."version" ASC[0m
  ↳ bin/rails:4
  [1m[35m (0.7ms)[0m  [1m[35mBEGIN[0m
  ↳ db/seeds.rb:8
  [1m[36mShelter Create (1.7ms)[0m  [1m[32mINSERT INTO "shelters" ("name", "address", "city", "state", "zip") VALUES ($1, $2, $3, $4, $5) RETURNING "id"[0m  [["name", "Willy's Animal Center"], ["address", "2020 Whirlwind Dr"], ["city", "Denver"], ["state", "CO"], ["zip", 80014]]
  ↳ db/seeds.rb:8
  [1m[35m (0.6ms)[0m  [1m[35mCOMMIT[0m
  ↳ db/seeds.rb:8
  [1m[35m (0.2ms)[0m  [1m[35mBEGIN[0m
  ↳ db/seeds.rb:14
  [1m[36mShelter Create (0.9ms)[0m  [1m[32mINSERT INTO "shelters" ("name", "address", "city", "state", "zip") VALUES ($1, $2, $3, $4, $5) RETURNING "id"[0m  [["name", "Wilmer's Place"], ["address", "123 Fake St"], ["city", "Chicago"], ["state", "IL"], ["zip", 60651]]
  ↳ db/seeds.rb:14
  [1m[35m (0.4ms)[0m  [1m[35mCOMMIT[0m
  ↳ db/seeds.rb:14
  [1m[35m (0.2ms)[0m  [1m[35mBEGIN[0m
  ↳ db/seeds.rb:20
  [1m[36mShelter Create (0.7ms)[0m  [1m[32mINSERT INTO "shelters" ("name", "address", "city", "state", "zip") VALUES ($1, $2, $3, $4, $5) RETURNING "id"[0m  [["name", "Luna's Animal Sanctuary"], ["address", "3456 Lost Place"], ["city", "Peoria"], ["state", "IL"], ["zip", 60564]]
  ↳ db/seeds.rb:20
  [1m[35m (0.5ms)[0m  [1m[35mCOMMIT[0m
  ↳ db/seeds.rb:20
  [1m[35m (0.2ms)[0m  [1m[35mBEGIN[0m
  ↳ db/seeds.rb:26
  [1m[36mPet Create (1.8ms)[0m  [1m[32mINSERT INTO "pets" ("image", "name", "approximate_age", "sex", "shelter_id", "adoption_status", "description") VALUES ($1, $2, $3, $4, $5, $6, $7) RETURNING "id"[0m  [["image", "https://i.pinimg.com/236x/23/4d/b2/234db2abd5a83b872c345335fb9a4933--baby-rottweiler-cutest-puppy.jpg"], ["name", "Waylon"], ["approximate_age", 1], ["sex", "male"], ["shelter_id", 1], ["adoption_status", "available"], ["description", "1 year old rottie pup"]]
  ↳ db/seeds.rb:26
  [1m[35m (0.5ms)[0m  [1m[35mCOMMIT[0m
  ↳ db/seeds.rb:26
  [1m[35m (0.2ms)[0m  [1m[35mBEGIN[0m
  ↳ db/seeds.rb:33
  [1m[36mPet Create (1.2ms)[0m  [1m[32mINSERT INTO "pets" ("image", "name", "approximate_age", "sex", "shelter_id", "adoption_status", "description") VALUES ($1, $2, $3, $4, $5, $6, $7) RETURNING "id"[0m  [["image", "https://usercontent1.hubstatic.com/2088428.jpg"], ["name", "Merle"], ["approximate_age", 5], ["sex", "male"], ["shelter_id", 1], ["adoption_status", "available"], ["description", "Mostly a wolf"]]
  ↳ db/seeds.rb:33
  [1m[35m (0.8ms)[0m  [1m[35mCOMMIT[0m
  ↳ db/seeds.rb:33
  [1m[35m (0.4ms)[0m  [1m[35mBEGIN[0m
  ↳ db/seeds.rb:40
  [1m[36mPet Create (2.5ms)[0m  [1m[32mINSERT INTO "pets" ("image", "name", "approximate_age", "sex", "shelter_id", "adoption_status", "description") VALUES ($1, $2, $3, $4, $5, $6, $7) RETURNING "id"[0m  [["image", "https://1.bp.blogspot.com/-AgSjAIAAGQU/XXgHAahd80I/AAAAAAACMYQ/ja2TJ7tMZE8uTmzyXJ0ySHd2Ml3DrzmWQCLcBGAs/s1600/il_794xN.1383776661_dosv.jpg"], ["name", "HeiHei"], ["approximate_age", 1], ["sex", "male"], ["shelter_id", 2], ["adoption_status", "available"], ["description", "1 year old pet rooster"]]
  ↳ db/seeds.rb:40
  [1m[35m (5.6ms)[0m  [1m[35mCOMMIT[0m
  ↳ db/seeds.rb:40
  [1m[35m (0.3ms)[0m  [1m[35mBEGIN[0m
  ↳ db/seeds.rb:47
  [1m[36mPet Create (1.0ms)[0m  [1m[32mINSERT INTO "pets" ("image", "name", "approximate_age", "sex", "shelter_id", "adoption_status", "description") VALUES ($1, $2, $3, $4, $5, $6, $7) RETURNING "id"[0m  [["image", "https://www.awesomestories.com/images/user/fc91b9a310fa92b98f27ab1038548062.jpg"], ["name", "Wilbur"], ["approximate_age", 1], ["sex", "male"], ["shelter_id", 2], ["adoption_status", "available"], ["description", "Tiny baby pig"]]
  ↳ db/seeds.rb:47
  [1m[35m (0.5ms)[0m  [1m[35mCOMMIT[0m
  ↳ db/seeds.rb:47
  [1m[35m (0.5ms)[0m  [1m[35mBEGIN[0m
  ↳ db/seeds.rb:54
  [1m[36mPet Create (2.1ms)[0m  [1m[32mINSERT INTO "pets" ("image", "name", "approximate_age", "sex", "shelter_id", "adoption_status", "description") VALUES ($1, $2, $3, $4, $5, $6, $7) RETURNING "id"[0m  [["image", "https://i.pinimg.com/originals/52/4d/57/524d571a2e0d5bcb54f0b819ae9aeb63.jpg"], ["name", "Sandy"], ["approximate_age", 4], ["sex", "female"], ["shelter_id", 3], ["adoption_status", "available"], ["description", "Spits and bites"]]
  ↳ db/seeds.rb:54
  [1m[35m (0.9ms)[0m  [1m[35mCOMMIT[0m
  ↳ db/seeds.rb:54
  [1m[35m (0.3ms)[0m  [1m[35mBEGIN[0m
  ↳ db/seeds.rb:61
  [1m[36mPet Create (1.0ms)[0m  [1m[32mINSERT INTO "pets" ("image", "name", "approximate_age", "sex", "shelter_id", "adoption_status", "description") VALUES ($1, $2, $3, $4, $5, $6, $7) RETURNING "id"[0m  [["image", "https://cinefex.com/backissues/covers/Cinefex_108.jpg"], ["name", "Charlotte"], ["approximate_age", 6], ["sex", "female"], ["shelter_id", 3], ["adoption_status", "available"], ["description", "All the eyes and legs"]]
  ↳ db/seeds.rb:61
  [1m[35m (2.5ms)[0m  [1m[35mCOMMIT[0m
  ↳ db/seeds.rb:61
  [1m[35m (0.3ms)[0m  [1m[34mSELECT pg_try_advisory_lock(5022504912090105405)[0m
  ↳ bin/rails:4
  [1m[35m (3.0ms)[0m  [1m[34mSELECT "schema_migrations"."version" FROM "schema_migrations" ORDER BY "schema_migrations"."version" ASC[0m
  ↳ bin/rails:4
  [1m[36mActiveRecord::InternalMetadata Load (3.4ms)[0m  [1m[34mSELECT  "ar_internal_metadata".* FROM "ar_internal_metadata" WHERE "ar_internal_metadata"."key" = $1 LIMIT $2[0m  [["key", "environment"], ["LIMIT", 1]]
  ↳ bin/rails:4
  [1m[35m (0.1ms)[0m  [1m[35mBEGIN[0m
  ↳ bin/rails:4
  [1m[35m (0.1ms)[0m  [1m[35mCOMMIT[0m
  ↳ bin/rails:4
  [1m[35m (0.2ms)[0m  [1m[34mSELECT pg_advisory_unlock(5022504912090105405)[0m
  ↳ bin/rails:4
  [1m[35m (0.2ms)[0m  [1m[34mSELECT "schema_migrations"."version" FROM "schema_migrations" ORDER BY "schema_migrations"."version" ASC[0m
  ↳ bin/rails:4
  [1m[35m (0.9ms)[0m  [1m[34mSELECT "schema_migrations"."version" FROM "schema_migrations" ORDER BY "schema_migrations"."version" ASC[0m
  ↳ bin/rails:4
  [1m[35m (0.1ms)[0m  [1m[35mBEGIN[0m
  ↳ db/seeds.rb:8
  [1m[36mShelter Create (1.3ms)[0m  [1m[32mINSERT INTO "shelters" ("name", "address", "city", "state", "zip") VALUES ($1, $2, $3, $4, $5) RETURNING "id"[0m  [["name", "Willy's Animal Center"], ["address", "2020 Whirlwind Dr"], ["city", "Denver"], ["state", "CO"], ["zip", 80014]]
  ↳ db/seeds.rb:8
  [1m[35m (1.1ms)[0m  [1m[35mCOMMIT[0m
  ↳ db/seeds.rb:8
  [1m[35m (0.1ms)[0m  [1m[35mBEGIN[0m
  ↳ db/seeds.rb:14
  [1m[36mShelter Create (0.4ms)[0m  [1m[32mINSERT INTO "shelters" ("name", "address", "city", "state", "zip") VALUES ($1, $2, $3, $4, $5) RETURNING "id"[0m  [["name", "Wilmer's Place"], ["address", "123 Fake St"], ["city", "Chicago"], ["state", "IL"], ["zip", 60651]]
  ↳ db/seeds.rb:14
  [1m[35m (0.3ms)[0m  [1m[35mCOMMIT[0m
  ↳ db/seeds.rb:14
  [1m[35m (0.1ms)[0m  [1m[35mBEGIN[0m
  ↳ db/seeds.rb:20
  [1m[36mShelter Create (0.3ms)[0m  [1m[32mINSERT INTO "shelters" ("name", "address", "city", "state", "zip") VALUES ($1, $2, $3, $4, $5) RETURNING "id"[0m  [["name", "Luna's Animal Sanctuary"], ["address", "3456 Lost Place"], ["city", "Peoria"], ["state", "IL"], ["zip", 60564]]
  ↳ db/seeds.rb:20
  [1m[35m (0.4ms)[0m  [1m[35mCOMMIT[0m
  ↳ db/seeds.rb:20
  [1m[35m (0.2ms)[0m  [1m[35mBEGIN[0m
  ↳ db/seeds.rb:26
  [1m[36mPet Create (1.1ms)[0m  [1m[32mINSERT INTO "pets" ("image", "name", "approximate_age", "sex", "shelter_id", "adoption_status", "description") VALUES ($1, $2, $3, $4, $5, $6, $7) RETURNING "id"[0m  [["image", "https://i.pinimg.com/236x/23/4d/b2/234db2abd5a83b872c345335fb9a4933--baby-rottweiler-cutest-puppy.jpg"], ["name", "Waylon"], ["approximate_age", 1], ["sex", "male"], ["shelter_id", 4], ["adoption_status", "available"], ["description", "1 year old rottie pup"]]
  ↳ db/seeds.rb:26
  [1m[35m (0.3ms)[0m  [1m[35mCOMMIT[0m
  ↳ db/seeds.rb:26
  [1m[35m (0.1ms)[0m  [1m[35mBEGIN[0m
  ↳ db/seeds.rb:33
  [1m[36mPet Create (0.4ms)[0m  [1m[32mINSERT INTO "pets" ("image", "name", "approximate_age", "sex", "shelter_id", "adoption_status", "description") VALUES ($1, $2, $3, $4, $5, $6, $7) RETURNING "id"[0m  [["image", "https://usercontent1.hubstatic.com/2088428.jpg"], ["name", "Merle"], ["approximate_age", 5], ["sex", "male"], ["shelter_id", 4], ["adoption_status", "available"], ["description", "Mostly a wolf"]]
  ↳ db/seeds.rb:33
  [1m[35m (0.3ms)[0m  [1m[35mCOMMIT[0m
  ↳ db/seeds.rb:33
  [1m[35m (0.1ms)[0m  [1m[35mBEGIN[0m
  ↳ db/seeds.rb:40
  [1m[36mPet Create (0.4ms)[0m  [1m[32mINSERT INTO "pets" ("image", "name", "approximate_age", "sex", "shelter_id", "adoption_status", "description") VALUES ($1, $2, $3, $4, $5, $6, $7) RETURNING "id"[0m  [["image", "https://1.bp.blogspot.com/-AgSjAIAAGQU/XXgHAahd80I/AAAAAAACMYQ/ja2TJ7tMZE8uTmzyXJ0ySHd2Ml3DrzmWQCLcBGAs/s1600/il_794xN.1383776661_dosv.jpg"], ["name", "HeiHei"], ["approximate_age", 1], ["sex", "male"], ["shelter_id", 5], ["adoption_status", "available"], ["description", "1 year old pet rooster"]]
  ↳ db/seeds.rb:40
  [1m[35m (0.3ms)[0m  [1m[35mCOMMIT[0m
  ↳ db/seeds.rb:40
  [1m[35m (0.1ms)[0m  [1m[35mBEGIN[0m
  ↳ db/seeds.rb:47
  [1m[36mPet Create (0.5ms)[0m  [1m[32mINSERT INTO "pets" ("image", "name", "approximate_age", "sex", "shelter_id", "adoption_status", "description") VALUES ($1, $2, $3, $4, $5, $6, $7) RETURNING "id"[0m  [["image", "https://www.awesomestories.com/images/user/fc91b9a310fa92b98f27ab1038548062.jpg"], ["name", "Wilbur"], ["approximate_age", 1], ["sex", "male"], ["shelter_id", 5], ["adoption_status", "available"], ["description", "Tiny baby pig"]]
  ↳ db/seeds.rb:47
  [1m[35m (0.3ms)[0m  [1m[35mCOMMIT[0m
  ↳ db/seeds.rb:47
  [1m[35m (0.3ms)[0m  [1m[35mBEGIN[0m
  ↳ db/seeds.rb:54
  [1m[36mPet Create (0.5ms)[0m  [1m[32mINSERT INTO "pets" ("image", "name", "approximate_age", "sex", "shelter_id", "adoption_status", "description") VALUES ($1, $2, $3, $4, $5, $6, $7) RETURNING "id"[0m  [["image", "https://i.pinimg.com/originals/52/4d/57/524d571a2e0d5bcb54f0b819ae9aeb63.jpg"], ["name", "Sandy"], ["approximate_age", 4], ["sex", "female"], ["shelter_id", 6], ["adoption_status", "available"], ["description", "Spits and bites"]]
  ↳ db/seeds.rb:54
  [1m[35m (0.3ms)[0m  [1m[35mCOMMIT[0m
  ↳ db/seeds.rb:54
  [1m[35m (0.2ms)[0m  [1m[35mBEGIN[0m
  ↳ db/seeds.rb:61
  [1m[36mPet Create (1.0ms)[0m  [1m[32mINSERT INTO "pets" ("image", "name", "approximate_age", "sex", "shelter_id", "adoption_status", "description") VALUES ($1, $2, $3, $4, $5, $6, $7) RETURNING "id"[0m  [["image", "https://cinefex.com/backissues/covers/Cinefex_108.jpg"], ["name", "Charlotte"], ["approximate_age", 6], ["sex", "female"], ["shelter_id", 6], ["adoption_status", "available"], ["description", "All the eyes and legs"]]
  ↳ db/seeds.rb:61
  [1m[35m (0.3ms)[0m  [1m[35mCOMMIT[0m
  ↳ db/seeds.rb:61
  [1m[35m (0.2ms)[0m  [1m[34mSELECT pg_try_advisory_lock(5022504912090105405)[0m
  ↳ bin/rails:4
  [1m[35m (0.8ms)[0m  [1m[34mSELECT "schema_migrations"."version" FROM "schema_migrations" ORDER BY "schema_migrations"."version" ASC[0m
  ↳ bin/rails:4
Migrating to Reviews (20200825150112)
  [1m[35m (0.1ms)[0m  [1m[35mBEGIN[0m
  ↳ bin/rails:4
  [1m[36mActiveRecord::SchemaMigration Create (1.3ms)[0m  [1m[32mINSERT INTO "schema_migrations" ("version") VALUES ($1) RETURNING "version"[0m  [["version", "20200825150112"]]
  ↳ bin/rails:4
  [1m[35m (0.5ms)[0m  [1m[35mCOMMIT[0m
  ↳ bin/rails:4
  [1m[36mActiveRecord::InternalMetadata Load (0.4ms)[0m  [1m[34mSELECT  "ar_internal_metadata".* FROM "ar_internal_metadata" WHERE "ar_internal_metadata"."key" = $1 LIMIT $2[0m  [["key", "environment"], ["LIMIT", 1]]
  ↳ bin/rails:4
  [1m[35m (0.1ms)[0m  [1m[35mBEGIN[0m
  ↳ bin/rails:4
  [1m[35m (0.1ms)[0m  [1m[35mCOMMIT[0m
  ↳ bin/rails:4
  [1m[35m (0.2ms)[0m  [1m[34mSELECT pg_advisory_unlock(5022504912090105405)[0m
  ↳ bin/rails:4
  [1m[35m (0.2ms)[0m  [1m[34mSELECT "schema_migrations"."version" FROM "schema_migrations" ORDER BY "schema_migrations"."version" ASC[0m
  ↳ bin/rails:4
  [1m[35m (0.8ms)[0m  [1m[34mSELECT "schema_migrations"."version" FROM "schema_migrations" ORDER BY "schema_migrations"."version" ASC[0m
  ↳ bin/rails:4
  [1m[35m (0.1ms)[0m  [1m[35mBEGIN[0m
  ↳ db/seeds.rb:8
  [1m[36mShelter Create (0.7ms)[0m  [1m[32mINSERT INTO "shelters" ("name", "address", "city", "state", "zip") VALUES ($1, $2, $3, $4, $5) RETURNING "id"[0m  [["name", "Willy's Animal Center"], ["address", "2020 Whirlwind Dr"], ["city", "Denver"], ["state", "CO"], ["zip", 80014]]
  ↳ db/seeds.rb:8
  [1m[35m (0.4ms)[0m  [1m[35mCOMMIT[0m
  ↳ db/seeds.rb:8
  [1m[35m (0.1ms)[0m  [1m[35mBEGIN[0m
  ↳ db/seeds.rb:14
  [1m[36mShelter Create (0.3ms)[0m  [1m[32mINSERT INTO "shelters" ("name", "address", "city", "state", "zip") VALUES ($1, $2, $3, $4, $5) RETURNING "id"[0m  [["name", "Wilmer's Place"], ["address", "123 Fake St"], ["city", "Chicago"], ["state", "IL"], ["zip", 60651]]
  ↳ db/seeds.rb:14
  [1m[35m (0.3ms)[0m  [1m[35mCOMMIT[0m
  ↳ db/seeds.rb:14
  [1m[35m (0.1ms)[0m  [1m[35mBEGIN[0m
  ↳ db/seeds.rb:20
  [1m[36mShelter Create (0.2ms)[0m  [1m[32mINSERT INTO "shelters" ("name", "address", "city", "state", "zip") VALUES ($1, $2, $3, $4, $5) RETURNING "id"[0m  [["name", "Luna's Animal Sanctuary"], ["address", "3456 Lost Place"], ["city", "Peoria"], ["state", "IL"], ["zip", 60564]]
  ↳ db/seeds.rb:20
  [1m[35m (0.2ms)[0m  [1m[35mCOMMIT[0m
  ↳ db/seeds.rb:20
  [1m[35m (0.1ms)[0m  [1m[35mBEGIN[0m
  ↳ db/seeds.rb:26
  [1m[36mPet Create (0.9ms)[0m  [1m[32mINSERT INTO "pets" ("image", "name", "approximate_age", "sex", "shelter_id", "adoption_status", "description") VALUES ($1, $2, $3, $4, $5, $6, $7) RETURNING "id"[0m  [["image", "https://i.pinimg.com/236x/23/4d/b2/234db2abd5a83b872c345335fb9a4933--baby-rottweiler-cutest-puppy.jpg"], ["name", "Waylon"], ["approximate_age", 1], ["sex", "male"], ["shelter_id", 7], ["adoption_status", "available"], ["description", "1 year old rottie pup"]]
  ↳ db/seeds.rb:26
  [1m[35m (1.4ms)[0m  [1m[35mCOMMIT[0m
  ↳ db/seeds.rb:26
  [1m[35m (0.1ms)[0m  [1m[35mBEGIN[0m
  ↳ db/seeds.rb:33
  [1m[36mPet Create (0.4ms)[0m  [1m[32mINSERT INTO "pets" ("image", "name", "approximate_age", "sex", "shelter_id", "adoption_status", "description") VALUES ($1, $2, $3, $4, $5, $6, $7) RETURNING "id"[0m  [["image", "https://usercontent1.hubstatic.com/2088428.jpg"], ["name", "Merle"], ["approximate_age", 5], ["sex", "male"], ["shelter_id", 7], ["adoption_status", "available"], ["description", "Mostly a wolf"]]
  ↳ db/seeds.rb:33
  [1m[35m (0.3ms)[0m  [1m[35mCOMMIT[0m
  ↳ db/seeds.rb:33
  [1m[35m (0.1ms)[0m  [1m[35mBEGIN[0m
  ↳ db/seeds.rb:40
  [1m[36mPet Create (0.4ms)[0m  [1m[32mINSERT INTO "pets" ("image", "name", "approximate_age", "sex", "shelter_id", "adoption_status", "description") VALUES ($1, $2, $3, $4, $5, $6, $7) RETURNING "id"[0m  [["image", "https://1.bp.blogspot.com/-AgSjAIAAGQU/XXgHAahd80I/AAAAAAACMYQ/ja2TJ7tMZE8uTmzyXJ0ySHd2Ml3DrzmWQCLcBGAs/s1600/il_794xN.1383776661_dosv.jpg"], ["name", "HeiHei"], ["approximate_age", 1], ["sex", "male"], ["shelter_id", 8], ["adoption_status", "available"], ["description", "1 year old pet rooster"]]
  ↳ db/seeds.rb:40
  [1m[35m (0.3ms)[0m  [1m[35mCOMMIT[0m
  ↳ db/seeds.rb:40
  [1m[35m (0.1ms)[0m  [1m[35mBEGIN[0m
  ↳ db/seeds.rb:47
  [1m[36mPet Create (0.4ms)[0m  [1m[32mINSERT INTO "pets" ("image", "name", "approximate_age", "sex", "shelter_id", "adoption_status", "description") VALUES ($1, $2, $3, $4, $5, $6, $7) RETURNING "id"[0m  [["image", "https://www.awesomestories.com/images/user/fc91b9a310fa92b98f27ab1038548062.jpg"], ["name", "Wilbur"], ["approximate_age", 1], ["sex", "male"], ["shelter_id", 8], ["adoption_status", "available"], ["description", "Tiny baby pig"]]
  ↳ db/seeds.rb:47
  [1m[35m (0.3ms)[0m  [1m[35mCOMMIT[0m
  ↳ db/seeds.rb:47
  [1m[35m (0.1ms)[0m  [1m[35mBEGIN[0m
  ↳ db/seeds.rb:54
  [1m[36mPet Create (0.5ms)[0m  [1m[32mINSERT INTO "pets" ("image", "name", "approximate_age", "sex", "shelter_id", "adoption_status", "description") VALUES ($1, $2, $3, $4, $5, $6, $7) RETURNING "id"[0m  [["image", "https://i.pinimg.com/originals/52/4d/57/524d571a2e0d5bcb54f0b819ae9aeb63.jpg"], ["name", "Sandy"], ["approximate_age", 4], ["sex", "female"], ["shelter_id", 9], ["adoption_status", "available"], ["description", "Spits and bites"]]
  ↳ db/seeds.rb:54
  [1m[35m (0.3ms)[0m  [1m[35mCOMMIT[0m
  ↳ db/seeds.rb:54
  [1m[35m (0.1ms)[0m  [1m[35mBEGIN[0m
  ↳ db/seeds.rb:61
  [1m[36mPet Create (0.4ms)[0m  [1m[32mINSERT INTO "pets" ("image", "name", "approximate_age", "sex", "shelter_id", "adoption_status", "description") VALUES ($1, $2, $3, $4, $5, $6, $7) RETURNING "id"[0m  [["image", "https://cinefex.com/backissues/covers/Cinefex_108.jpg"], ["name", "Charlotte"], ["approximate_age", 6], ["sex", "female"], ["shelter_id", 9], ["adoption_status", "available"], ["description", "All the eyes and legs"]]
  ↳ db/seeds.rb:61
  [1m[35m (0.3ms)[0m  [1m[35mCOMMIT[0m
  ↳ db/seeds.rb:61
